[0121/162925.042:ERROR:file_io.cc(89)] ReadExactly: expected 36, observed 0
[0123/104517.417:ERROR:process_reader_win.cc(242)] ReadMemory at 0xa067bf5000 of 45056 bytes failed: Only part of a ReadProcessMemory or WriteProcessMemory request was completed. (0x12B)
[0123/104517.420:ERROR:process_reader_win.cc(242)] ReadMemory at 0xa067dfd000 of 12288 bytes failed: Only part of a ReadProcessMemory or WriteProcessMemory request was completed. (0x12B)
[0123/104517.421:ERROR:process_reader_win.cc(242)] ReadMemory at 0xa067ffe000 of 8192 bytes failed: Only part of a ReadProcessMemory or WriteProcessMemory request was completed. (0x12B)
[0123/104517.421:ERROR:process_reader_win.cc(242)] ReadMemory at 0xa0681fd000 of 12288 bytes failed: Only part of a ReadProcessMemory or WriteProcessMemory request was completed. (0x12B)
[0123/104517.421:ERROR:process_reader_win.cc(242)] ReadMemory at 0xa0683fe000 of 8192 bytes failed: Only part of a ReadProcessMemory or WriteProcessMemory request was completed. (0x12B)
[0123/104517.421:ERROR:process_reader_win.cc(242)] ReadMemory at 0xa0685fe000 of 8192 bytes failed: Only part of a ReadProcessMemory or WriteProcessMemory request was completed. (0x12B)
[0123/104517.421:ERROR:process_reader_win.cc(242)] ReadMemory at 0xa0687fd000 of 12288 bytes failed: Only part of a ReadProcessMemory or WriteProcessMemory request was completed. (0x12B)
[0123/104517.421:ERROR:process_reader_win.cc(242)] ReadMemory at 0xa0689fe000 of 8192 bytes failed: Only part of a ReadProcessMemory or WriteProcessMemory request was completed. (0x12B)
[0123/104517.421:ERROR:process_reader_win.cc(242)] ReadMemory at 0xa068bfe000 of 8192 bytes failed: Only part of a ReadProcessMemory or WriteProcessMemory request was completed. (0x12B)
[0123/104517.422:ERROR:process_reader_win.cc(242)] ReadMemory at 0xa068dfc000 of 16384 bytes failed: Only part of a ReadProcessMemory or WriteProcessMemory request was completed. (0x12B)
[0123/104517.422:ERROR:process_reader_win.cc(242)] ReadMemory at 0xa068ffe000 of 8192 bytes failed: Only part of a ReadProcessMemory or WriteProcessMemory request was completed. (0x12B)
[0123/104517.422:ERROR:process_reader_win.cc(242)] ReadMemory at 0xa0691fe000 of 8192 bytes failed: Only part of a ReadProcessMemory or WriteProcessMemory request was completed. (0x12B)
[0123/104517.422:ERROR:process_reader_win.cc(242)] ReadMemory at 0xa0693fe000 of 8192 bytes failed: Only part of a ReadProcessMemory or WriteProcessMemory request was completed. (0x12B)
[0123/104517.422:ERROR:process_reader_win.cc(242)] ReadMemory at 0xa0695fd000 of 12288 bytes failed: Only part of a ReadProcessMemory or WriteProcessMemory request was completed. (0x12B)
[0123/104517.422:ERROR:process_reader_win.cc(242)] ReadMemory at 0xa0697fe000 of 8192 bytes failed: Only part of a ReadProcessMemory or WriteProcessMemory request was completed. (0x12B)
[0123/104517.422:ERROR:process_reader_win.cc(242)] ReadMemory at 0xa0699fe000 of 8192 bytes failed: Only part of a ReadProcessMemory or WriteProcessMemory request was completed. (0x12B)
[0123/104517.422:ERROR:process_reader_win.cc(242)] ReadMemory at 0xa069bf8000 of 32768 bytes failed: Only part of a ReadProcessMemory or WriteProcessMemory request was completed. (0x12B)
[0123/104517.422:ERROR:process_reader_win.cc(242)] ReadMemory at 0xa067835000 of 852 bytes failed: Only part of a ReadProcessMemory or WriteProcessMemory request was completed. (0x12B)
[0123/104517.422:ERROR:process_reader_win.cc(242)] ReadMemory at 0xa067836000 of 6024 bytes failed: Only part of a ReadProcessMemory or WriteProcessMemory request was completed. (0x12B)
[0123/104517.423:ERROR:process_reader_win.cc(242)] ReadMemory at 0xa067838000 of 6024 bytes failed: Only part of a ReadProcessMemory or WriteProcessMemory request was completed. (0x12B)
[0123/104517.423:ERROR:process_reader_win.cc(242)] ReadMemory at 0xa06783a000 of 6024 bytes failed: Only part of a ReadProcessMemory or WriteProcessMemory request was completed. (0x12B)
[0123/104517.423:ERROR:process_reader_win.cc(242)] ReadMemory at 0xa06783c000 of 6024 bytes failed: Only part of a ReadProcessMemory or WriteProcessMemory request was completed. (0x12B)
[0123/104517.423:ERROR:process_reader_win.cc(242)] ReadMemory at 0xa06783e000 of 6024 bytes failed: Only part of a ReadProcessMemory or WriteProcessMemory request was completed. (0x12B)
[0123/104517.423:ERROR:process_reader_win.cc(242)] ReadMemory at 0xa067840000 of 6024 bytes failed: Only part of a ReadProcessMemory or WriteProcessMemory request was completed. (0x12B)
[0123/104517.423:ERROR:process_reader_win.cc(242)] ReadMemory at 0xa067842000 of 6024 bytes failed: Only part of a ReadProcessMemory or WriteProcessMemory request was completed. (0x12B)
[0123/104517.423:ERROR:process_reader_win.cc(242)] ReadMemory at 0xa067844000 of 6024 bytes failed: Only part of a ReadProcessMemory or WriteProcessMemory request was completed. (0x12B)
[0123/104517.423:ERROR:process_reader_win.cc(242)] ReadMemory at 0xa067846000 of 6024 bytes failed: Only part of a ReadProcessMemory or WriteProcessMemory request was completed. (0x12B)
[0123/104517.423:ERROR:process_reader_win.cc(242)] ReadMemory at 0xa067848000 of 6024 bytes failed: Only part of a ReadProcessMemory or WriteProcessMemory request was completed. (0x12B)
[0123/104517.423:ERROR:process_reader_win.cc(242)] ReadMemory at 0xa06784a000 of 6024 bytes failed: Only part of a ReadProcessMemory or WriteProcessMemory request was completed. (0x12B)
[0123/104517.423:ERROR:process_reader_win.cc(242)] ReadMemory at 0xa06784c000 of 6024 bytes failed: Only part of a ReadProcessMemory or WriteProcessMemory request was completed. (0x12B)
[0123/104517.424:ERROR:process_reader_win.cc(242)] ReadMemory at 0xa06784e000 of 6024 bytes failed: Only part of a ReadProcessMemory or WriteProcessMemory request was completed. (0x12B)
[0123/104517.424:ERROR:process_reader_win.cc(242)] ReadMemory at 0xa067850000 of 6024 bytes failed: Only part of a ReadProcessMemory or WriteProcessMemory request was completed. (0x12B)
[0123/104517.424:ERROR:process_reader_win.cc(242)] ReadMemory at 0xa067852000 of 6024 bytes failed: Only part of a ReadProcessMemory or WriteProcessMemory request was completed. (0x12B)
[0123/104517.424:ERROR:process_reader_win.cc(242)] ReadMemory at 0xa067854000 of 6024 bytes failed: Only part of a ReadProcessMemory or WriteProcessMemory request was completed. (0x12B)
[0123/104517.424:ERROR:process_reader_win.cc(242)] ReadMemory at 0xa067856000 of 6024 bytes failed: Only part of a ReadProcessMemory or WriteProcessMemory request was completed. (0x12B)
[0123/104517.424:ERROR:process_reader_win.cc(242)] ReadMemory at 0x1e0265a0750 of 62 bytes failed: Only part of a ReadProcessMemory or WriteProcessMemory request was completed. (0x12B)
[0123/104517.424:ERROR:process_reader_win.cc(242)] ReadMemory at 0x1e0265a0fe0 of 3794 bytes failed: Only part of a ReadProcessMemory or WriteProcessMemory request was completed. (0x12B)
[0123/104517.424:ERROR:process_reader_win.cc(242)] ReadMemory at 0x1e0265a1ec0 of 1012 bytes failed: Only part of a ReadProcessMemory or WriteProcessMemory request was completed. (0x12B)
[0123/104517.424:ERROR:process_reader_win.cc(242)] ReadMemory at 0x1e0265a24e8 of 118 bytes failed: Only part of a ReadProcessMemory or WriteProcessMemory request was completed. (0x12B)
[0123/104517.424:ERROR:process_reader_win.cc(242)] ReadMemory at 0x1e0265a2560 of 1520 bytes failed: Only part of a ReadProcessMemory or WriteProcessMemory request was completed. (0x12B)
[0123/104517.424:ERROR:process_reader_win.cc(242)] ReadMemory at 0x1e0265a2b52 of 118 bytes failed: Only part of a ReadProcessMemory or WriteProcessMemory request was completed. (0x12B)
[0123/104517.425:ERROR:process_reader_win.cc(242)] ReadMemory at 0x1e0265a2bca of 100 bytes failed: Only part of a ReadProcessMemory or WriteProcessMemory request was completed. (0x12B)
[0123/104517.425:ERROR:process_reader_win.cc(242)] ReadMemory at 0x1e0265a2c40 of 58 bytes failed: Only part of a ReadProcessMemory or WriteProcessMemory request was completed. (0x12B)
[0123/104517.425:ERROR:process_reader_win.cc(242)] ReadMemory at 0x1e0265a2d40 of 132 bytes failed: Only part of a ReadProcessMemory or WriteProcessMemory request was completed. (0x12B)
[0123/104517.425:ERROR:process_reader_win.cc(242)] ReadMemory at 0x1e0265a2ed0 of 132 bytes failed: Only part of a ReadProcessMemory or WriteProcessMemory request was completed. (0x12B)
[0123/104517.425:ERROR:process_reader_win.cc(242)] ReadMemory at 0x1e0265a3090 of 124 bytes failed: Only part of a ReadProcessMemory or WriteProcessMemory request was completed. (0x12B)
[0123/104517.425:ERROR:process_reader_win.cc(242)] ReadMemory at 0x1e0265a3470 of 132 bytes failed: Only part of a ReadProcessMemory or WriteProcessMemory request was completed. (0x12B)
[0123/104517.425:ERROR:process_reader_win.cc(242)] ReadMemory at 0x1e0265a3600 of 64 bytes failed: Only part of a ReadProcessMemory or WriteProcessMemory request was completed. (0x12B)
[0123/104517.425:ERROR:process_reader_win.cc(242)] ReadMemory at 0x1e0265a3760 of 132 bytes failed: Only part of a ReadProcessMemory or WriteProcessMemory request was completed. (0x12B)
[0123/104517.425:ERROR:process_reader_win.cc(242)] ReadMemory at 0x1e0265a38f0 of 62 bytes failed: Only part of a ReadProcessMemory or WriteProcessMemory request was completed. (0x12B)
[0123/104517.425:ERROR:process_reader_win.cc(242)] ReadMemory at 0x1e0265a3a60 of 132 bytes failed: Only part of a ReadProcessMemory or WriteProcessMemory request was completed. (0x12B)
[0123/104517.425:ERROR:process_reader_win.cc(242)] ReadMemory at 0x1e0265a3bf0 of 68 bytes failed: Only part of a ReadProcessMemory or WriteProcessMemory request was completed. (0x12B)
[0123/104517.425:ERROR:process_reader_win.cc(242)] ReadMemory at 0x1e0265a7ea0 of 132 bytes failed: Only part of a ReadProcessMemory or WriteProcessMemory request was completed. (0x12B)
[0123/104517.425:ERROR:process_reader_win.cc(242)] ReadMemory at 0x1e0265a80e0 of 132 bytes failed: Only part of a ReadProcessMemory or WriteProcessMemory request was completed. (0x12B)
[0123/104517.425:ERROR:process_reader_win.cc(242)] ReadMemory at 0x1e0265a8270 of 62 bytes failed: Only part of a ReadProcessMemory or WriteProcessMemory request was completed. (0x12B)
[0123/104517.426:ERROR:process_reader_win.cc(242)] ReadMemory at 0x1e0265a9a10 of 132 bytes failed: Only part of a ReadProcessMemory or WriteProcessMemory request was completed. (0x12B)
[0123/104517.426:ERROR:process_reader_win.cc(242)] ReadMemory at 0x1e0265a9ba0 of 60 bytes failed: Only part of a ReadProcessMemory or WriteProcessMemory request was completed. (0x12B)
[0123/104517.426:ERROR:process_reader_win.cc(242)] ReadMemory at 0x1e0265a9bf0 of 156 bytes failed: Only part of a ReadProcessMemory or WriteProcessMemory request was completed. (0x12B)
[0123/104517.426:ERROR:process_reader_win.cc(242)] ReadMemory at 0x1e0265a9df0 of 132 bytes failed: Only part of a ReadProcessMemory or WriteProcessMemory request was completed. (0x12B)
[0123/104517.426:ERROR:process_reader_win.cc(242)] ReadMemory at 0x1e0265a9f80 of 64 bytes failed: Only part of a ReadProcessMemory or WriteProcessMemory request was completed. (0x12B)
[0123/104517.426:ERROR:process_reader_win.cc(242)] ReadMemory at 0x1e0265aa200 of 132 bytes failed: Only part of a ReadProcessMemory or WriteProcessMemory request was completed. (0x12B)
[0123/104517.426:ERROR:process_reader_win.cc(242)] ReadMemory at 0x1e0265aa390 of 64 bytes failed: Only part of a ReadProcessMemory or WriteProcessMemory request was completed. (0x12B)
[0123/104517.426:ERROR:process_reader_win.cc(242)] ReadMemory at 0x1e0265aa5f0 of 132 bytes failed: Only part of a ReadProcessMemory or WriteProcessMemory request was completed. (0x12B)
[0123/104517.426:ERROR:process_reader_win.cc(242)] ReadMemory at 0x1e0265aa780 of 60 bytes failed: Only part of a ReadProcessMemory or WriteProcessMemory request was completed. (0x12B)
[0123/104517.426:ERROR:process_reader_win.cc(242)] ReadMemory at 0x1e0265aaa90 of 132 bytes failed: Only part of a ReadProcessMemory or WriteProcessMemory request was completed. (0x12B)
[0123/104517.426:ERROR:process_reader_win.cc(242)] ReadMemory at 0x1e0265aac20 of 60 bytes failed: Only part of a ReadProcessMemory or WriteProcessMemory request was completed. (0x12B)
[0123/104517.426:ERROR:process_reader_win.cc(242)] ReadMemory at 0x1e0265aae60 of 132 bytes failed: Only part of a ReadProcessMemory or WriteProcessMemory request was completed. (0x12B)
[0123/104517.426:ERROR:process_reader_win.cc(242)] ReadMemory at 0x1e0265ad750 of 132 bytes failed: Only part of a ReadProcessMemory or WriteProcessMemory request was completed. (0x12B)
[0123/104517.426:ERROR:process_reader_win.cc(242)] ReadMemory at 0x1e0265adab0 of 76 bytes failed: Only part of a ReadProcessMemory or WriteProcessMemory request was completed. (0x12B)
[0123/104517.427:ERROR:process_reader_win.cc(242)] ReadMemory at 0x1e0265adb10 of 78 bytes failed: Only part of a ReadProcessMemory or WriteProcessMemory request was completed. (0x12B)
[0123/104517.427:ERROR:process_reader_win.cc(242)] ReadMemory at 0x1e0265add50 of 80 bytes failed: Only part of a ReadProcessMemory or WriteProcessMemory request was completed. (0x12B)
[0123/104517.427:ERROR:process_reader_win.cc(242)] ReadMemory at 0x1e0265ae680 of 132 bytes failed: Only part of a ReadProcessMemory or WriteProcessMemory request was completed. (0x12B)
[0123/104517.427:ERROR:process_reader_win.cc(242)] ReadMemory at 0x1e0265aefd0 of 132 bytes failed: Only part of a ReadProcessMemory or WriteProcessMemory request was completed. (0x12B)
[0123/104517.427:ERROR:process_reader_win.cc(242)] ReadMemory at 0x1e0265af100 of 66 bytes failed: Only part of a ReadProcessMemory or WriteProcessMemory request was completed. (0x12B)
[0123/104517.427:ERROR:process_reader_win.cc(242)] ReadMemory at 0x1e0265af340 of 132 bytes failed: Only part of a ReadProcessMemory or WriteProcessMemory request was completed. (0x12B)
[0123/104517.427:ERROR:process_reader_win.cc(242)] ReadMemory at 0x1e0265af510 of 58 bytes failed: Only part of a ReadProcessMemory or WriteProcessMemory request was completed. (0x12B)
[0123/104517.427:ERROR:process_reader_win.cc(242)] ReadMemory at 0x1e0265af5b0 of 62 bytes failed: Only part of a ReadProcessMemory or WriteProcessMemory request was completed. (0x12B)
[0123/104517.427:ERROR:process_reader_win.cc(242)] ReadMemory at 0x1e0265af6a0 of 62 bytes failed: Only part of a ReadProcessMemory or WriteProcessMemory request was completed. (0x12B)
[0123/104517.427:ERROR:process_reader_win.cc(242)] ReadMemory at 0x1e0265af740 of 64 bytes failed: Only part of a ReadProcessMemory or WriteProcessMemory request was completed. (0x12B)
[0123/104517.427:ERROR:process_reader_win.cc(242)] ReadMemory at 0x1e0265af7e0 of 62 bytes failed: Only part of a ReadProcessMemory or WriteProcessMemory request was completed. (0x12B)
[0123/104517.427:ERROR:process_reader_win.cc(242)] ReadMemory at 0x1e0265af830 of 60 bytes failed: Only part of a ReadProcessMemory or WriteProcessMemory request was completed. (0x12B)
[0123/104517.427:ERROR:process_reader_win.cc(242)] ReadMemory at 0x1e0265af880 of 62 bytes failed: Only part of a ReadProcessMemory or WriteProcessMemory request was completed. (0x12B)
[0123/104517.427:ERROR:process_reader_win.cc(242)] ReadMemory at 0x1e0265af8d0 of 62 bytes failed: Only part of a ReadProcessMemory or WriteProcessMemory request was completed. (0x12B)
[0123/104517.427:ERROR:process_reader_win.cc(242)] ReadMemory at 0x1e0265af920 of 62 bytes failed: Only part of a ReadProcessMemory or WriteProcessMemory request was completed. (0x12B)
[0123/104517.428:ERROR:process_reader_win.cc(242)] ReadMemory at 0x1e0265af970 of 58 bytes failed: Only part of a ReadProcessMemory or WriteProcessMemory request was completed. (0x12B)
[0123/104517.428:ERROR:process_reader_win.cc(242)] ReadMemory at 0x1e0265af9c0 of 66 bytes failed: Only part of a ReadProcessMemory or WriteProcessMemory request was completed. (0x12B)
[0123/104517.428:ERROR:process_reader_win.cc(242)] ReadMemory at 0x1e0265afa10 of 60 bytes failed: Only part of a ReadProcessMemory or WriteProcessMemory request was completed. (0x12B)
[0123/104517.428:ERROR:process_reader_win.cc(242)] ReadMemory at 0x1e0265afa60 of 64 bytes failed: Only part of a ReadProcessMemory or WriteProcessMemory request was completed. (0x12B)
[0123/104517.428:ERROR:process_reader_win.cc(242)] ReadMemory at 0x1e0265afb50 of 58 bytes failed: Only part of a ReadProcessMemory or WriteProcessMemory request was completed. (0x12B)
[0123/104517.428:ERROR:process_reader_win.cc(242)] ReadMemory at 0x1e0265b0de0 of 132 bytes failed: Only part of a ReadProcessMemory or WriteProcessMemory request was completed. (0x12B)
[0123/104517.428:ERROR:process_reader_win.cc(242)] ReadMemory at 0x1e0265b0f10 of 132 bytes failed: Only part of a ReadProcessMemory or WriteProcessMemory request was completed. (0x12B)
[0123/104517.428:ERROR:process_reader_win.cc(242)] ReadMemory at 0x1e0265b1040 of 132 bytes failed: Only part of a ReadProcessMemory or WriteProcessMemory request was completed. (0x12B)
[0123/104517.428:ERROR:process_reader_win.cc(242)] ReadMemory at 0x1e0265b1170 of 132 bytes failed: Only part of a ReadProcessMemory or WriteProcessMemory request was completed. (0x12B)
[0123/104517.428:ERROR:process_reader_win.cc(242)] ReadMemory at 0x1e0265b12a0 of 132 bytes failed: Only part of a ReadProcessMemory or WriteProcessMemory request was completed. (0x12B)
[0123/104517.428:ERROR:process_reader_win.cc(242)] ReadMemory at 0x1e0265b13d0 of 132 bytes failed: Only part of a ReadProcessMemory or WriteProcessMemory request was completed. (0x12B)
[0123/104517.428:ERROR:process_reader_win.cc(242)] ReadMemory at 0x1e0265b1500 of 132 bytes failed: Only part of a ReadProcessMemory or WriteProcessMemory request was completed. (0x12B)
[0123/104517.428:ERROR:process_reader_win.cc(242)] ReadMemory at 0x1e0265b1630 of 132 bytes failed: Only part of a ReadProcessMemory or WriteProcessMemory request was completed. (0x12B)
[0123/104517.429:ERROR:process_reader_win.cc(242)] ReadMemory at 0x1e0265b1760 of 132 bytes failed: Only part of a ReadProcessMemory or WriteProcessMemory request was completed. (0x12B)
[0123/104517.429:ERROR:process_reader_win.cc(242)] ReadMemory at 0x1e0265b1890 of 132 bytes failed: Only part of a ReadProcessMemory or WriteProcessMemory request was completed. (0x12B)
[0123/104517.429:ERROR:process_reader_win.cc(242)] ReadMemory at 0x1e0265b19c0 of 132 bytes failed: Only part of a ReadProcessMemory or WriteProcessMemory request was completed. (0x12B)
[0123/104517.429:ERROR:process_reader_win.cc(242)] ReadMemory at 0x1e0265b1af0 of 132 bytes failed: Only part of a ReadProcessMemory or WriteProcessMemory request was completed. (0x12B)
[0123/104517.429:ERROR:process_reader_win.cc(242)] ReadMemory at 0x1e0265b1c20 of 132 bytes failed: Only part of a ReadProcessMemory or WriteProcessMemory request was completed. (0x12B)
[0123/104517.429:ERROR:process_reader_win.cc(242)] ReadMemory at 0x1e0265b3140 of 512 bytes failed: Only part of a ReadProcessMemory or WriteProcessMemory request was completed. (0x12B)
[0123/104517.429:ERROR:process_reader_win.cc(242)] ReadMemory at 0x1e0265b3580 of 132 bytes failed: Only part of a ReadProcessMemory or WriteProcessMemory request was completed. (0x12B)
[0123/104517.429:ERROR:process_reader_win.cc(242)] ReadMemory at 0x1e0265b36b0 of 132 bytes failed: Only part of a ReadProcessMemory or WriteProcessMemory request was completed. (0x12B)
[0123/104517.429:ERROR:process_reader_win.cc(242)] ReadMemory at 0x1e0265b37e0 of 132 bytes failed: Only part of a ReadProcessMemory or WriteProcessMemory request was completed. (0x12B)
[0123/104517.429:ERROR:process_reader_win.cc(242)] ReadMemory at 0x1e0265b3910 of 132 bytes failed: Only part of a ReadProcessMemory or WriteProcessMemory request was completed. (0x12B)
[0123/104517.429:ERROR:process_reader_win.cc(242)] ReadMemory at 0x1e0265b3a40 of 132 bytes failed: Only part of a ReadProcessMemory or WriteProcessMemory request was completed. (0x12B)
[0123/104517.429:ERROR:process_reader_win.cc(242)] ReadMemory at 0x1e0265b3b70 of 132 bytes failed: Only part of a ReadProcessMemory or WriteProcessMemory request was completed. (0x12B)
[0123/104517.429:ERROR:process_reader_win.cc(242)] ReadMemory at 0x1e0265b3dd0 of 132 bytes failed: Only part of a ReadProcessMemory or WriteProcessMemory request was completed. (0x12B)
[0123/104517.429:ERROR:process_reader_win.cc(242)] ReadMemory at 0x1e0265b3f00 of 132 bytes failed: Only part of a ReadProcessMemory or WriteProcessMemory request was completed. (0x12B)
[0123/104517.430:ERROR:process_reader_win.cc(242)] ReadMemory at 0x1e0265b4030 of 132 bytes failed: Only part of a ReadProcessMemory or WriteProcessMemory request was completed. (0x12B)
[0123/104517.430:ERROR:process_reader_win.cc(242)] ReadMemory at 0x1e0265b4160 of 132 bytes failed: Only part of a ReadProcessMemory or WriteProcessMemory request was completed. (0x12B)
[0123/104517.430:ERROR:process_reader_win.cc(242)] ReadMemory at 0x1e0265b4290 of 132 bytes failed: Only part of a ReadProcessMemory or WriteProcessMemory request was completed. (0x12B)
[0123/104517.430:ERROR:process_reader_win.cc(242)] ReadMemory at 0x1e0265b43c0 of 132 bytes failed: Only part of a ReadProcessMemory or WriteProcessMemory request was completed. (0x12B)
[0123/104517.430:ERROR:process_reader_win.cc(242)] ReadMemory at 0x1e0265b44f0 of 132 bytes failed: Only part of a ReadProcessMemory or WriteProcessMemory request was completed. (0x12B)
[0123/104517.430:ERROR:process_reader_win.cc(242)] ReadMemory at 0x1e0265b4620 of 132 bytes failed: Only part of a ReadProcessMemory or WriteProcessMemory request was completed. (0x12B)
[0123/104517.430:ERROR:process_reader_win.cc(242)] ReadMemory at 0x1e0265b4750 of 132 bytes failed: Only part of a ReadProcessMemory or WriteProcessMemory request was completed. (0x12B)
[0123/104517.430:ERROR:process_reader_win.cc(242)] ReadMemory at 0x1e0265b4880 of 132 bytes failed: Only part of a ReadProcessMemory or WriteProcessMemory request was completed. (0x12B)
[0123/104517.430:ERROR:process_reader_win.cc(242)] ReadMemory at 0x1e0265b49b0 of 132 bytes failed: Only part of a ReadProcessMemory or WriteProcessMemory request was completed. (0x12B)
[0123/104517.430:ERROR:process_reader_win.cc(242)] ReadMemory at 0x1e0265b4ae0 of 132 bytes failed: Only part of a ReadProcessMemory or WriteProcessMemory request was completed. (0x12B)
[0123/104517.430:ERROR:process_reader_win.cc(242)] ReadMemory at 0x1e0265b4c10 of 132 bytes failed: Only part of a ReadProcessMemory or WriteProcessMemory request was completed. (0x12B)
[0123/104517.430:ERROR:process_reader_win.cc(242)] ReadMemory at 0x1e0265b4d40 of 132 bytes failed: Only part of a ReadProcessMemory or WriteProcessMemory request was completed. (0x12B)
[0123/104517.430:ERROR:process_reader_win.cc(242)] ReadMemory at 0x1e0265b4e70 of 132 bytes failed: Only part of a ReadProcessMemory or WriteProcessMemory request was completed. (0x12B)
[0123/104517.430:ERROR:process_reader_win.cc(242)] ReadMemory at 0x1e0265b4fa0 of 132 bytes failed: Only part of a ReadProcessMemory or WriteProcessMemory request was completed. (0x12B)
[0123/104517.430:ERROR:process_reader_win.cc(242)] ReadMemory at 0x1e0265b50d0 of 132 bytes failed: Only part of a ReadProcessMemory or WriteProcessMemory request was completed. (0x12B)
[0123/104517.431:ERROR:process_reader_win.cc(242)] ReadMemory at 0x1e0265b5330 of 132 bytes failed: Only part of a ReadProcessMemory or WriteProcessMemory request was completed. (0x12B)
[0123/104517.431:ERROR:process_reader_win.cc(242)] ReadMemory at 0x1e0265b5540 of 152 bytes failed: Only part of a ReadProcessMemory or WriteProcessMemory request was completed. (0x12B)
[0123/104517.431:ERROR:process_reader_win.cc(242)] ReadMemory at 0x1e0265b7e90 of 246 bytes failed: Only part of a ReadProcessMemory or WriteProcessMemory request was completed. (0x12B)
[0123/104517.431:ERROR:process_reader_win.cc(242)] ReadMemory at 0x1e0265b8650 of 66 bytes failed: Only part of a ReadProcessMemory or WriteProcessMemory request was completed. (0x12B)
[0123/104517.431:ERROR:process_reader_win.cc(242)] ReadMemory at 0x1e0265b8970 of 66 bytes failed: Only part of a ReadProcessMemory or WriteProcessMemory request was completed. (0x12B)
[0123/104517.431:ERROR:process_reader_win.cc(242)] ReadMemory at 0x1e0265b8a60 of 58 bytes failed: Only part of a ReadProcessMemory or WriteProcessMemory request was completed. (0x12B)
[0123/104517.431:ERROR:process_reader_win.cc(242)] ReadMemory at 0x1e0265c3f70 of 54 bytes failed: Only part of a ReadProcessMemory or WriteProcessMemory request was completed. (0x12B)
[0123/104517.431:ERROR:process_reader_win.cc(242)] ReadMemory at 0x1e0265c8300 of 60 bytes failed: Only part of a ReadProcessMemory or WriteProcessMemory request was completed. (0x12B)
[0123/104517.431:ERROR:process_reader_win.cc(242)] ReadMemory at 0x1e0265c8490 of 56 bytes failed: Only part of a ReadProcessMemory or WriteProcessMemory request was completed. (0x12B)
[0123/104517.431:ERROR:process_reader_win.cc(242)] ReadMemory at 0x1e0265c8530 of 60 bytes failed: Only part of a ReadProcessMemory or WriteProcessMemory request was completed. (0x12B)
[0123/104517.431:ERROR:process_reader_win.cc(242)] ReadMemory at 0x1e0265c8760 of 64 bytes failed: Only part of a ReadProcessMemory or WriteProcessMemory request was completed. (0x12B)
[0123/104517.431:ERROR:process_reader_win.cc(242)] ReadMemory at 0x1e0265c87b0 of 62 bytes failed: Only part of a ReadProcessMemory or WriteProcessMemory request was completed. (0x12B)
[0123/104517.432:ERROR:process_reader_win.cc(242)] ReadMemory at 0x1e0265c88a0 of 60 bytes failed: Only part of a ReadProcessMemory or WriteProcessMemory request was completed. (0x12B)
[0123/104517.432:ERROR:process_reader_win.cc(242)] ReadMemory at 0x1e0265c88f0 of 60 bytes failed: Only part of a ReadProcessMemory or WriteProcessMemory request was completed. (0x12B)
[0123/104517.432:ERROR:process_reader_win.cc(242)] ReadMemory at 0x1e0265c8990 of 58 bytes failed: Only part of a ReadProcessMemory or WriteProcessMemory request was completed. (0x12B)
[0123/104517.432:ERROR:process_reader_win.cc(242)] ReadMemory at 0x1e0265c8a80 of 64 bytes failed: Only part of a ReadProcessMemory or WriteProcessMemory request was completed. (0x12B)
[0123/104517.432:ERROR:process_reader_win.cc(242)] ReadMemory at 0x1e0265c8ad0 of 58 bytes failed: Only part of a ReadProcessMemory or WriteProcessMemory request was completed. (0x12B)
[0123/104517.432:ERROR:process_reader_win.cc(242)] ReadMemory at 0x1e0265c8b20 of 64 bytes failed: Only part of a ReadProcessMemory or WriteProcessMemory request was completed. (0x12B)
[0123/104517.432:ERROR:process_reader_win.cc(242)] ReadMemory at 0x1e0265c8c10 of 62 bytes failed: Only part of a ReadProcessMemory or WriteProcessMemory request was completed. (0x12B)
[0123/104517.432:ERROR:process_reader_win.cc(242)] ReadMemory at 0x1e0265c8cb0 of 64 bytes failed: Only part of a ReadProcessMemory or WriteProcessMemory request was completed. (0x12B)
[0123/104517.432:ERROR:process_reader_win.cc(242)] ReadMemory at 0x1e0265c8da0 of 62 bytes failed: Only part of a ReadProcessMemory or WriteProcessMemory request was completed. (0x12B)
[0123/104517.432:ERROR:process_reader_win.cc(242)] ReadMemory at 0x1e0265c8e90 of 62 bytes failed: Only part of a ReadProcessMemory or WriteProcessMemory request was completed. (0x12B)
[0123/104517.432:ERROR:process_reader_win.cc(242)] ReadMemory at 0x1e0265c8ee0 of 64 bytes failed: Only part of a ReadProcessMemory or WriteProcessMemory request was completed. (0x12B)
[0123/104517.432:ERROR:process_reader_win.cc(242)] ReadMemory at 0x1e0265c8f30 of 62 bytes failed: Only part of a ReadProcessMemory or WriteProcessMemory request was completed. (0x12B)
[0123/104517.432:ERROR:process_reader_win.cc(242)] ReadMemory at 0x1e0265c8f80 of 60 bytes failed: Only part of a ReadProcessMemory or WriteProcessMemory request was completed. (0x12B)
[0123/104517.432:ERROR:process_reader_win.cc(242)] ReadMemory at 0x1e0265c9020 of 64 bytes failed: Only part of a ReadProcessMemory or WriteProcessMemory request was completed. (0x12B)
[0123/104517.433:ERROR:process_reader_win.cc(242)] ReadMemory at 0x1e0265c9070 of 60 bytes failed: Only part of a ReadProcessMemory or WriteProcessMemory request was completed. (0x12B)
[0123/104517.433:ERROR:process_reader_win.cc(242)] ReadMemory at 0x1e0265c90c0 of 64 bytes failed: Only part of a ReadProcessMemory or WriteProcessMemory request was completed. (0x12B)
[0123/104517.433:ERROR:process_reader_win.cc(242)] ReadMemory at 0x1e0265c91b0 of 62 bytes failed: Only part of a ReadProcessMemory or WriteProcessMemory request was completed. (0x12B)
[0123/104517.433:ERROR:process_reader_win.cc(242)] ReadMemory at 0x1e0265cb710 of 132 bytes failed: Only part of a ReadProcessMemory or WriteProcessMemory request was completed. (0x12B)
[0123/104517.433:ERROR:process_reader_win.cc(242)] ReadMemory at 0x1e0265cbd00 of 132 bytes failed: Only part of a ReadProcessMemory or WriteProcessMemory request was completed. (0x12B)
[0123/104517.433:ERROR:process_reader_win.cc(242)] ReadMemory at 0x1e0265cbf60 of 132 bytes failed: Only part of a ReadProcessMemory or WriteProcessMemory request was completed. (0x12B)
[0123/104517.433:ERROR:process_reader_win.cc(242)] ReadMemory at 0x1e0265cc1c0 of 132 bytes failed: Only part of a ReadProcessMemory or WriteProcessMemory request was completed. (0x12B)
[0123/104517.433:ERROR:process_reader_win.cc(242)] ReadMemory at 0x1e0265cc550 of 132 bytes failed: Only part of a ReadProcessMemory or WriteProcessMemory request was completed. (0x12B)
[0123/104517.434:ERROR:process_reader_win.cc(242)] ReadMemory at 0x1e0265e0af0 of 512 bytes failed: Only part of a ReadProcessMemory or WriteProcessMemory request was completed. (0x12B)
[0123/104517.434:ERROR:process_reader_win.cc(242)] ReadMemory at 0x1e0282f0000 of 384 bytes failed: Only part of a ReadProcessMemory or WriteProcessMemory request was completed. (0x12B)
[0123/104517.434:ERROR:process_reader_win.cc(242)] ReadMemory at 0x1e028304140 of 512 bytes failed: Only part of a ReadProcessMemory or WriteProcessMemory request was completed. (0x12B)
[0123/104517.434:ERROR:process_reader_win.cc(242)] ReadMemory at 0x1e028322cd0 of 512 bytes failed: Only part of a ReadProcessMemory or WriteProcessMemory request was completed. (0x12B)
[0123/104517.434:ERROR:process_reader_win.cc(242)] ReadMemory at 0x1e028325808 of 512 bytes failed: Only part of a ReadProcessMemory or WriteProcessMemory request was completed. (0x12B)
[0123/104517.434:ERROR:process_reader_win.cc(242)] ReadMemory at 0x1e02832fb80 of 512 bytes failed: Only part of a ReadProcessMemory or WriteProcessMemory request was completed. (0x12B)
[0123/104517.434:ERROR:process_reader_win.cc(242)] ReadMemory at 0x1e028348b20 of 512 bytes failed: Only part of a ReadProcessMemory or WriteProcessMemory request was completed. (0x12B)
[0123/104517.434:ERROR:process_reader_win.cc(242)] ReadMemory at 0x1e02834fad0 of 512 bytes failed: Only part of a ReadProcessMemory or WriteProcessMemory request was completed. (0x12B)
[0123/104517.434:ERROR:process_reader_win.cc(242)] ReadMemory at 0x1e02834ff10 of 688 bytes failed: Only part of a ReadProcessMemory or WriteProcessMemory request was completed. (0x12B)
[0123/104517.434:ERROR:process_reader_win.cc(242)] ReadMemory at 0x1e028356b38 of 512 bytes failed: Only part of a ReadProcessMemory or WriteProcessMemory request was completed. (0x12B)
[0123/104517.434:ERROR:process_reader_win.cc(242)] ReadMemory at 0x1e028383f08 of 512 bytes failed: Only part of a ReadProcessMemory or WriteProcessMemory request was completed. (0x12B)
[0123/104517.434:ERROR:process_reader_win.cc(242)] ReadMemory at 0x1e0283a1bd0 of 512 bytes failed: Only part of a ReadProcessMemory or WriteProcessMemory request was completed. (0x12B)
[0123/104517.434:ERROR:process_reader_win.cc(242)] ReadMemory at 0x1e02a184f68 of 520 bytes failed: Only part of a ReadProcessMemory or WriteProcessMemory request was completed. (0x12B)
[0123/104517.434:ERROR:process_reader_win.cc(242)] ReadMemory at 0x1e02a2a3f78 of 512 bytes failed: Only part of a ReadProcessMemory or WriteProcessMemory request was completed. (0x12B)
[0123/104517.434:ERROR:process_reader_win.cc(242)] ReadMemory at 0x1e02a31f210 of 512 bytes failed: Only part of a ReadProcessMemory or WriteProcessMemory request was completed. (0x12B)
[0123/104517.435:ERROR:process_reader_win.cc(242)] ReadMemory at 0x77cfc1182c8 of 512 bytes failed: Only part of a ReadProcessMemory or WriteProcessMemory request was completed. (0x12B)
[0123/104517.435:ERROR:process_reader_win.cc(242)] ReadMemory at 0x58d6dab99001 of 512 bytes failed: Only part of a ReadProcessMemory or WriteProcessMemory request was completed. (0x12B)
[0123/104517.435:ERROR:process_reader_win.cc(242)] ReadMemory at 0x7ff9868c7590 of 512 bytes failed: Only part of a ReadProcessMemory or WriteProcessMemory request was completed. (0x12B)
[0123/104517.435:ERROR:process_reader_win.cc(242)] ReadMemory at 0x7ff989059b00 of 512 bytes failed: Only part of a ReadProcessMemory or WriteProcessMemory request was completed. (0x12B)
[0123/104517.435:ERROR:process_reader_win.cc(242)] ReadMemory at 0x7ff9d1651c20 of 512 bytes failed: Only part of a ReadProcessMemory or WriteProcessMemory request was completed. (0x12B)
[0123/104517.435:ERROR:process_reader_win.cc(242)] ReadMemory at 0x7ff9d443feb0 of 592 bytes failed: Only part of a ReadProcessMemory or WriteProcessMemory request was completed. (0x12B)
[0123/104517.435:ERROR:process_reader_win.cc(242)] ReadMemory at 0x7ff9d448f664 of 672 bytes failed: Only part of a ReadProcessMemory or WriteProcessMemory request was completed. (0x12B)
[0123/104517.435:ERROR:process_reader_win.cc(242)] ReadMemory at 0x7ff9d448fc64 of 512 bytes failed: Only part of a ReadProcessMemory or WriteProcessMemory request was completed. (0x12B)
[0123/104517.435:ERROR:process_reader_win.cc(242)] ReadMemory at 0x7ff9d4492ef4 of 608 bytes failed: Only part of a ReadProcessMemory or WriteProcessMemory request was completed. (0x12B)
[0123/104517.435:ERROR:process_reader_win.cc(242)] ReadMemory at 0x7ff9d451c0c8 of 18 bytes failed: Only part of a ReadProcessMemory or WriteProcessMemory request was completed. (0x12B)
[0123/104517.435:ERROR:process_reader_win.cc(242)] ReadMemory at 0x7ff9d454f4f8 of 40 bytes failed: Only part of a ReadProcessMemory or WriteProcessMemory request was completed. (0x12B)
[0123/104517.435:ERROR:process_reader_win.cc(242)] ReadMemory at 0x7ff9d454f978 of 48 bytes failed: Only part of a ReadProcessMemory or WriteProcessMemory request was completed. (0x12B)
[0123/104517.435:ERROR:process_reader_win.cc(242)] ReadMemory at 0x7ff9d45553a0 of 64 bytes failed: Only part of a ReadProcessMemory or WriteProcessMemory request was completed. (0x12B)
[0123/104517.436:ERROR:process_reader_win.cc(242)] ReadMemory at 0x7ff9d4568460 of 536 bytes failed: Only part of a ReadProcessMemory or WriteProcessMemory request was completed. (0x12B)
[0123/104517.440:ERROR:scoped_process_suspend.cc(40)] NtResumeProcess: An attempt was made to access an exiting process. (0xc000010a)
[0123/104517.441:ERROR:file_io_win.cc(161)] CreateFile C:\Users\JAIRO~1.GOM\AppData\Local\Temp\scoped_dir14632_12479\Crashpad\settings.dat: The system cannot find the file specified. (0x2)
[0124/120012.795:ERROR:process_reader_win.cc(242)] ReadMemory at 0x1e7d7a50000 of 64 bytes failed: Only part of a ReadProcessMemory or WriteProcessMemory request was completed. (0x12B)
[0124/120012.797:WARNING:pe_image_reader.cc(302)] could not read dos header from C:\WINDOWS\System32\SHELL32.dll
[0124/120012.797:ERROR:process_reader_win.cc(242)] ReadMemory at 0x1e7d7a50000 of 64 bytes failed: Only part of a ReadProcessMemory or WriteProcessMemory request was completed. (0x12B)
[0124/120012.797:WARNING:pe_image_reader.cc(302)] could not read dos header from C:\WINDOWS\System32\SHELL32.dll
[0124/120012.798:ERROR:process_reader_win.cc(242)] ReadMemory at 0x1e7d91d3470 of 72 bytes failed: Only part of a ReadProcessMemory or WriteProcessMemory request was completed. (0x12B)
[0124/120012.798:WARNING:pe_image_annotations_reader.cc(133)] could not read annotations list object in C:\Program Files (x86)\Google\Chrome\Application\71.0.3578.98\chrome_elf.dll
[0124/120012.799:ERROR:process_reader_win.cc(242)] ReadMemory at 0x1e7d8f80000 of 64 bytes failed: Only part of a ReadProcessMemory or WriteProcessMemory request was completed. (0x12B)
[0124/120012.799:WARNING:pe_image_reader.cc(302)] could not read dos header from C:\WINDOWS\System32\IMM32.DLL
[0124/120012.799:ERROR:process_reader_win.cc(242)] ReadMemory at 0x1e7d8f80000 of 64 bytes failed: Only part of a ReadProcessMemory or WriteProcessMemory request was completed. (0x12B)
[0124/120012.799:WARNING:pe_image_reader.cc(302)] could not read dos header from C:\WINDOWS\System32\IMM32.DLL
[0124/120012.799:ERROR:process_reader_win.cc(242)] ReadMemory at 0x1e7d93f1500 of 72 bytes failed: Only part of a ReadProcessMemory or WriteProcessMemory request was completed. (0x12B)
[0124/120012.799:WARNING:pe_image_annotations_reader.cc(133)] could not read annotations list object in C:\Program Files (x86)\Google\Chrome\Application\71.0.3578.98\chrome_child.dll
[0124/120012.799:ERROR:process_reader_win.cc(242)] ReadMemory at 0x1e7d9020000 of 64 bytes failed: Only part of a ReadProcessMemory or WriteProcessMemory request was completed. (0x12B)
[0124/120012.799:WARNING:pe_image_reader.cc(302)] could not read dos header from C:\WINDOWS\System32\OLEAUT32.dll
[0124/120012.799:ERROR:process_reader_win.cc(242)] ReadMemory at 0x1e7d9020000 of 64 bytes failed: Only part of a ReadProcessMemory or WriteProcessMemory request was completed. (0x12B)
[0124/120012.799:WARNING:pe_image_reader.cc(302)] could not read dos header from C:\WINDOWS\System32\OLEAUT32.dll
[0124/120012.837:ERROR:process_reader_win.cc(242)] ReadMemory at 0x7ff7734b0000 of 64 bytes failed: Only part of a ReadProcessMemory or WriteProcessMemory request was completed. (0x12B)
[0124/120012.837:WARNING:pe_image_reader.cc(302)] could not read dos header from C:\Program Files (x86)\Google\Chrome\Application\chrome.exe
[0124/120012.837:ERROR:process_reader_win.cc(242)] ReadMemory at 0x7ff9d43f0000 of 64 bytes failed: Only part of a ReadProcessMemory or WriteProcessMemory request was completed. (0x12B)
[0124/120012.837:WARNING:pe_image_reader.cc(302)] could not read dos header from C:\WINDOWS\SYSTEM32\ntdll.dll
[0124/120012.837:ERROR:process_reader_win.cc(242)] ReadMemory at 0x7ff9d1630000 of 64 bytes failed: Only part of a ReadProcessMemory or WriteProcessMemory request was completed. (0x12B)
[0124/120012.837:WARNING:pe_image_reader.cc(302)] could not read dos header from C:\WINDOWS\System32\KERNEL32.DLL
[0124/120012.838:ERROR:process_reader_win.cc(242)] ReadMemory at 0x7ff9d1070000 of 64 bytes failed: Only part of a ReadProcessMemory or WriteProcessMemory request was completed. (0x12B)
[0124/120012.838:WARNING:pe_image_reader.cc(302)] could not read dos header from C:\WINDOWS\System32\KERNELBASE.dll
[0124/120012.838:ERROR:process_reader_win.cc(242)] ReadMemory at 0x7ff9c67d0000 of 64 bytes failed: Only part of a ReadProcessMemory or WriteProcessMemory request was completed. (0x12B)
[0124/120012.838:WARNING:pe_image_reader.cc(302)] could not read dos header from C:\WINDOWS\SYSTEM32\apphelp.dll
[0124/120012.838:ERROR:process_reader_win.cc(242)] ReadMemory at 0x1e7d7a50000 of 64 bytes failed: Only part of a ReadProcessMemory or WriteProcessMemory request was completed. (0x12B)
[0124/120012.838:WARNING:pe_image_reader.cc(302)] could not read dos header from C:\WINDOWS\System32\SHELL32.dll
[0124/120012.838:ERROR:process_reader_win.cc(242)] ReadMemory at 0x7ff9d32d0000 of 64 bytes failed: Only part of a ReadProcessMemory or WriteProcessMemory request was completed. (0x12B)
[0124/120012.838:WARNING:pe_image_reader.cc(302)] could not read dos header from C:\WINDOWS\System32\msvcrt.dll
[0124/120012.838:ERROR:process_reader_win.cc(242)] ReadMemory at 0x7ff9d13f0000 of 64 bytes failed: Only part of a ReadProcessMemory or WriteProcessMemory request was completed. (0x12B)
[0124/120012.838:WARNING:pe_image_reader.cc(302)] could not read dos header from C:\WINDOWS\System32\cfgmgr32.dll
[0124/120012.838:ERROR:process_reader_win.cc(242)] ReadMemory at 0x7ff9d0e60000 of 64 bytes failed: Only part of a ReadProcessMemory or WriteProcessMemory request was completed. (0x12B)
[0124/120012.838:WARNING:pe_image_reader.cc(302)] could not read dos header from C:\WINDOWS\System32\ucrtbase.dll
[0124/120012.838:ERROR:process_reader_win.cc(242)] ReadMemory at 0x7ff9d4270000 of 64 bytes failed: Only part of a ReadProcessMemory or WriteProcessMemory request was completed. (0x12B)
[0124/120012.838:WARNING:pe_image_reader.cc(302)] could not read dos header from C:\WINDOWS\System32\shcore.dll
[0124/120012.838:ERROR:process_reader_win.cc(242)] ReadMemory at 0x7ff9d4070000 of 64 bytes failed: Only part of a ReadProcessMemory or WriteProcessMemory request was completed. (0x12B)
[0124/120012.838:WARNING:pe_image_reader.cc(302)] could not read dos header from C:\WINDOWS\System32\RPCRT4.dll
[0124/120012.838:ERROR:process_reader_win.cc(242)] ReadMemory at 0x7ff9d3850000 of 64 bytes failed: Only part of a ReadProcessMemory or WriteProcessMemory request was completed. (0x12B)
[0124/120012.838:WARNING:pe_image_reader.cc(302)] could not read dos header from C:\WINDOWS\System32\combase.dll
[0124/120012.838:ERROR:process_reader_win.cc(242)] ReadMemory at 0x7ff9d0db0000 of 64 bytes failed: Only part of a ReadProcessMemory or WriteProcessMemory request was completed. (0x12B)
[0124/120012.839:WARNING:pe_image_reader.cc(302)] could not read dos header from C:\WINDOWS\System32\bcryptPrimitives.dll
[0124/120012.839:ERROR:process_reader_win.cc(242)] ReadMemory at 0x7ff9d0660000 of 64 bytes failed: Only part of a ReadProcessMemory or WriteProcessMemory request was completed. (0x12B)
[0124/120012.839:WARNING:pe_image_reader.cc(302)] could not read dos header from C:\WINDOWS\System32\windows.storage.dll
[0124/120012.839:ERROR:process_reader_win.cc(242)] ReadMemory at 0x7ff9d1350000 of 64 bytes failed: Only part of a ReadProcessMemory or WriteProcessMemory request was completed. (0x12B)
[0124/120012.839:WARNING:pe_image_reader.cc(302)] could not read dos header from C:\WINDOWS\System32\msvcp_win.dll
[0124/120012.839:ERROR:process_reader_win.cc(242)] ReadMemory at 0x7ff9d4320000 of 64 bytes failed: Only part of a ReadProcessMemory or WriteProcessMemory request was completed. (0x12B)
[0124/120012.839:WARNING:pe_image_reader.cc(302)] could not read dos header from C:\WINDOWS\System32\sechost.dll
[0124/120012.839:ERROR:process_reader_win.cc(242)] ReadMemory at 0x7ff9d3bb0000 of 64 bytes failed: Only part of a ReadProcessMemory or WriteProcessMemory request was completed. (0x12B)
[0124/120012.839:WARNING:pe_image_reader.cc(302)] could not read dos header from C:\WINDOWS\System32\advapi32.dll
[0124/120012.839:ERROR:process_reader_win.cc(242)] ReadMemory at 0x7ff9d0490000 of 64 bytes failed: Only part of a ReadProcessMemory or WriteProcessMemory request was completed. (0x12B)
[0124/120012.839:WARNING:pe_image_reader.cc(302)] could not read dos header from C:\WINDOWS\System32\profapi.dll
[0124/120012.839:ERROR:process_reader_win.cc(242)] ReadMemory at 0x7ff9d03f0000 of 64 bytes failed: Only part of a ReadProcessMemory or WriteProcessMemory request was completed. (0x12B)
[0124/120012.839:WARNING:pe_image_reader.cc(302)] could not read dos header from C:\WINDOWS\System32\powrprof.dll
[0124/120012.839:ERROR:process_reader_win.cc(242)] ReadMemory at 0x7ff9d3270000 of 64 bytes failed: Only part of a ReadProcessMemory or WriteProcessMemory request was completed. (0x12B)
[0124/120012.839:WARNING:pe_image_reader.cc(302)] could not read dos header from C:\WINDOWS\System32\shlwapi.dll
[0124/120012.839:ERROR:process_reader_win.cc(242)] ReadMemory at 0x7ff9d4040000 of 64 bytes failed: Only part of a ReadProcessMemory or WriteProcessMemory request was completed. (0x12B)
[0124/120012.839:WARNING:pe_image_reader.cc(302)] could not read dos header from C:\WINDOWS\System32\GDI32.dll
[0124/120012.839:ERROR:process_reader_win.cc(242)] ReadMemory at 0x7ff9d04c0000 of 64 bytes failed: Only part of a ReadProcessMemory or WriteProcessMemory request was completed. (0x12B)
[0124/120012.840:WARNING:pe_image_reader.cc(302)] could not read dos header from C:\WINDOWS\System32\gdi32full.dll
[0124/120012.840:ERROR:process_reader_win.cc(242)] ReadMemory at 0x7ff9d3df0000 of 64 bytes failed: Only part of a ReadProcessMemory or WriteProcessMemory request was completed. (0x12B)
[0124/120012.840:WARNING:pe_image_reader.cc(302)] could not read dos header from C:\WINDOWS\System32\USER32.dll
[0124/120012.840:ERROR:process_reader_win.cc(242)] ReadMemory at 0x7ff9d1330000 of 64 bytes failed: Only part of a ReadProcessMemory or WriteProcessMemory request was completed. (0x12B)
[0124/120012.840:WARNING:pe_image_reader.cc(302)] could not read dos header from C:\WINDOWS\System32\win32u.dll
[0124/120012.840:ERROR:process_reader_win.cc(242)] ReadMemory at 0x7ff9d0470000 of 64 bytes failed: Only part of a ReadProcessMemory or WriteProcessMemory request was completed. (0x12B)
[0124/120012.840:WARNING:pe_image_reader.cc(302)] could not read dos header from C:\WINDOWS\System32\kernel.appcore.dll
[0124/120012.840:ERROR:process_reader_win.cc(242)] ReadMemory at 0x7ff9d1310000 of 64 bytes failed: Only part of a ReadProcessMemory or WriteProcessMemory request was completed. (0x12B)
[0124/120012.840:WARNING:pe_image_reader.cc(302)] could not read dos header from C:\WINDOWS\System32\cryptsp.dll
[0124/120012.840:ERROR:process_reader_win.cc(242)] ReadMemory at 0x7ff9d1620000 of 64 bytes failed: Only part of a ReadProcessMemory or WriteProcessMemory request was completed. (0x12B)
[0124/120012.840:WARNING:pe_image_reader.cc(302)] could not read dos header from C:\WINDOWS\System32\PSAPI.DLL
[0124/120012.840:ERROR:process_reader_win.cc(242)] ReadMemory at 0x7ff9b04d0000 of 64 bytes failed: Only part of a ReadProcessMemory or WriteProcessMemory request was completed. (0x12B)
[0124/120012.840:WARNING:pe_image_reader.cc(302)] could not read dos header from C:\Program Files (x86)\Google\Chrome\Application\71.0.3578.98\chrome_elf.dll
[0124/120012.841:ERROR:process_reader_win.cc(242)] ReadMemory at 0x7ff9c7b30000 of 64 bytes failed: Only part of a ReadProcessMemory or WriteProcessMemory request was completed. (0x12B)
[0124/120012.841:WARNING:pe_image_reader.cc(302)] could not read dos header from C:\WINDOWS\SYSTEM32\VERSION.dll
[0124/120012.841:ERROR:process_reader_win.cc(242)] ReadMemory at 0x7ff9c7150000 of 64 bytes failed: Only part of a ReadProcessMemory or WriteProcessMemory request was completed. (0x12B)
[0124/120012.841:WARNING:pe_image_reader.cc(302)] could not read dos header from C:\WINDOWS\SYSTEM32\WINMM.dll
[0124/120012.841:ERROR:process_reader_win.cc(242)] ReadMemory at 0x7ff9d02f0000 of 64 bytes failed: Only part of a ReadProcessMemory or WriteProcessMemory request was completed. (0x12B)
[0124/120012.841:WARNING:pe_image_reader.cc(302)] could not read dos header from C:\WINDOWS\SYSTEM32\USERENV.dll
[0124/120012.841:ERROR:process_reader_win.cc(242)] ReadMemory at 0x7ff9c7120000 of 64 bytes failed: Only part of a ReadProcessMemory or WriteProcessMemory request was completed. (0x12B)
[0124/120012.841:WARNING:pe_image_reader.cc(302)] could not read dos header from C:\WINDOWS\SYSTEM32\WINMMBASE.dll
[0124/120012.841:ERROR:process_reader_win.cc(242)] ReadMemory at 0x7ff9cfe50000 of 64 bytes failed: Only part of a ReadProcessMemory or WriteProcessMemory request was completed. (0x12B)
[0124/120012.841:WARNING:pe_image_reader.cc(302)] could not read dos header from C:\WINDOWS\SYSTEM32\CRYPTBASE.DLL
[0124/120012.841:ERROR:process_reader_win.cc(242)] ReadMemory at 0x1e7d8f80000 of 64 bytes failed: Only part of a ReadProcessMemory or WriteProcessMemory request was completed. (0x12B)
[0124/120012.841:WARNING:pe_image_reader.cc(302)] could not read dos header from C:\WINDOWS\System32\IMM32.DLL
[0124/120012.841:ERROR:process_reader_win.cc(242)] ReadMemory at 0x7ff996710000 of 64 bytes failed: Only part of a ReadProcessMemory or WriteProcessMemory request was completed. (0x12B)
[0124/120012.841:WARNING:pe_image_reader.cc(302)] could not read dos header from C:\Program Files (x86)\Google\Chrome\Application\71.0.3578.98\chrome_child.dll
[0124/120012.841:ERROR:process_reader_win.cc(242)] ReadMemory at 0x7ff9d2cc0000 of 64 bytes failed: Only part of a ReadProcessMemory or WriteProcessMemory request was completed. (0x12B)
[0124/120012.841:WARNING:pe_image_reader.cc(302)] could not read dos header from C:\WINDOWS\System32\WS2_32.dll
[0124/120012.841:ERROR:process_reader_win.cc(242)] ReadMemory at 0x7ff9d2ea0000 of 64 bytes failed: Only part of a ReadProcessMemory or WriteProcessMemory request was completed. (0x12B)
[0124/120012.841:WARNING:pe_image_reader.cc(302)] could not read dos header from C:\WINDOWS\System32\ole32.dll
[0124/120012.842:ERROR:process_reader_win.cc(242)] ReadMemory at 0x1e7d9020000 of 64 bytes failed: Only part of a ReadProcessMemory or WriteProcessMemory request was completed. (0x12B)
[0124/120012.842:WARNING:pe_image_reader.cc(302)] could not read dos header from C:\WINDOWS\System32\OLEAUT32.dll
[0124/120012.842:ERROR:process_reader_win.cc(242)] ReadMemory at 0x7ff9d1010000 of 64 bytes failed: Only part of a ReadProcessMemory or WriteProcessMemory request was completed. (0x12B)
[0124/120012.842:WARNING:pe_image_reader.cc(302)] could not read dos header from C:\WINDOWS\System32\WINTRUST.dll
[0124/120012.842:ERROR:process_reader_win.cc(242)] ReadMemory at 0x7ff9d0450000 of 64 bytes failed: Only part of a ReadProcessMemory or WriteProcessMemory request was completed. (0x12B)
[0124/120012.842:WARNING:pe_image_reader.cc(302)] could not read dos header from C:\WINDOWS\System32\MSASN1.dll
[0124/120012.842:ERROR:process_reader_win.cc(242)] ReadMemory at 0x7ff9d1440000 of 64 bytes failed: Only part of a ReadProcessMemory or WriteProcessMemory request was completed. (0x12B)
[0124/120012.842:WARNING:pe_image_reader.cc(302)] could not read dos header from C:\WINDOWS\System32\CRYPT32.dll
[0124/120012.842:ERROR:process_reader_win.cc(242)] ReadMemory at 0x7ff9d3c60000 of 64 bytes failed: Only part of a ReadProcessMemory or WriteProcessMemory request was completed. (0x12B)
[0124/120012.842:WARNING:pe_image_reader.cc(302)] could not read dos header from C:\WINDOWS\System32\COMDLG32.dll
[0124/120012.842:ERROR:process_reader_win.cc(242)] ReadMemory at 0x7ff9cf9e0000 of 64 bytes failed: Only part of a ReadProcessMemory or WriteProcessMemory request was completed. (0x12B)
[0124/120012.842:WARNING:pe_image_reader.cc(302)] could not read dos header from C:\WINDOWS\SYSTEM32\IPHLPAPI.DLL
[0124/120012.842:ERROR:process_reader_win.cc(242)] ReadMemory at 0x7ff9baee0000 of 64 bytes failed: Only part of a ReadProcessMemory or WriteProcessMemory request was completed. (0x12B)
[0124/120012.842:WARNING:pe_image_reader.cc(302)] could not read dos header from C:\WINDOWS\SYSTEM32\OLEACC.dll
[0124/120012.842:ERROR:process_reader_win.cc(242)] ReadMemory at 0x7ff9bf140000 of 64 bytes failed: Only part of a ReadProcessMemory or WriteProcessMemory request was completed. (0x12B)
[0124/120012.842:WARNING:pe_image_reader.cc(302)] could not read dos header from C:\WINDOWS\WinSxS\amd64_microsoft.windows.common-controls_6595b64144ccf1df_6.0.17763.194_none_05b3366207211c42\COMCTL32.dll
[0124/120012.842:ERROR:process_reader_win.cc(242)] ReadMemory at 0x7ff9c4130000 of 64 bytes failed: Only part of a ReadProcessMemory or WriteProcessMemory request was completed. (0x12B)
[0124/120012.842:WARNING:pe_image_reader.cc(302)] could not read dos header from C:\WINDOWS\SYSTEM32\DWrite.dll
[0124/120012.842:ERROR:process_reader_win.cc(242)] ReadMemory at 0x7ff9cf1b0000 of 64 bytes failed: Only part of a ReadProcessMemory or WriteProcessMemory request was completed. (0x12B)
[0124/120012.842:WARNING:pe_image_reader.cc(302)] could not read dos header from C:\WINDOWS\SYSTEM32\dxgi.dll
[0124/120012.842:ERROR:process_reader_win.cc(242)] ReadMemory at 0x7ff9cab30000 of 64 bytes failed: Only part of a ReadProcessMemory or WriteProcessMemory request was completed. (0x12B)
[0124/120012.842:WARNING:pe_image_reader.cc(302)] could not read dos header from C:\WINDOWS\SYSTEM32\WINSPOOL.DRV
[0124/120012.843:ERROR:process_reader_win.cc(242)] ReadMemory at 0x7ff9d0e30000 of 64 bytes failed: Only part of a ReadProcessMemory or WriteProcessMemory request was completed. (0x12B)
[0124/120012.843:WARNING:pe_image_reader.cc(302)] could not read dos header from C:\WINDOWS\System32\bcrypt.dll
[0124/120012.843:ERROR:process_reader_win.cc(242)] ReadMemory at 0x7ff9ce710000 of 64 bytes failed: Only part of a ReadProcessMemory or WriteProcessMemory request was completed. (0x12B)
[0124/120012.843:WARNING:pe_image_reader.cc(302)] could not read dos header from C:\WINDOWS\SYSTEM32\dbghelp.dll
[0124/120012.843:ERROR:process_reader_win.cc(242)] ReadMemory at 0x7ff9c8480000 of 64 bytes failed: Only part of a ReadProcessMemory or WriteProcessMemory request was completed. (0x12B)
[0124/120012.843:WARNING:pe_image_reader.cc(302)] could not read dos header from C:\WINDOWS\SYSTEM32\USP10.dll
[0124/120012.843:ERROR:process_reader_win.cc(242)] ReadMemory at 0x7ff9cc980000 of 64 bytes failed: Only part of a ReadProcessMemory or WriteProcessMemory request was completed. (0x12B)
[0124/120012.843:WARNING:pe_image_reader.cc(302)] could not read dos header from C:\WINDOWS\SYSTEM32\WINHTTP.dll
[0124/120012.843:ERROR:process_reader_win.cc(242)] ReadMemory at 0x7ff9c35e0000 of 64 bytes failed: Only part of a ReadProcessMemory or WriteProcessMemory request was completed. (0x12B)
[0124/120012.843:WARNING:pe_image_reader.cc(302)] could not read dos header from C:\WINDOWS\SYSTEM32\urlmon.dll
[0124/120012.843:ERROR:process_reader_win.cc(242)] ReadMemory at 0x7ff9c3920000 of 64 bytes failed: Only part of a ReadProcessMemory or WriteProcessMemory request was completed. (0x12B)
[0124/120012.843:WARNING:pe_image_reader.cc(302)] could not read dos header from C:\WINDOWS\SYSTEM32\Secur32.dll
[0124/120012.843:ERROR:process_reader_win.cc(242)] ReadMemory at 0x7ff9cca80000 of 64 bytes failed: Only part of a ReadProcessMemory or WriteProcessMemory request was completed. (0x12B)
[0124/120012.843:WARNING:pe_image_reader.cc(302)] could not read dos header from C:\WINDOWS\SYSTEM32\dhcpcsvc.DLL
[0124/120012.843:ERROR:process_reader_win.cc(242)] ReadMemory at 0x7ff9d3260000 of 64 bytes failed: Only part of a ReadProcessMemory or WriteProcessMemory request was completed. (0x12B)
[0124/120012.843:WARNING:pe_image_reader.cc(302)] could not read dos header from C:\WINDOWS\System32\NSI.dll
[0124/120012.843:ERROR:process_reader_win.cc(242)] ReadMemory at 0x7ff9cdb30000 of 64 bytes failed: Only part of a ReadProcessMemory or WriteProcessMemory request was completed. (0x12B)
[0124/120012.843:WARNING:pe_image_reader.cc(302)] could not read dos header from C:\WINDOWS\SYSTEM32\PROPSYS.dll
[0124/120012.843:ERROR:process_reader_win.cc(242)] ReadMemory at 0x7ff9c3b50000 of 64 bytes failed: Only part of a ReadProcessMemory or WriteProcessMemory request was completed. (0x12B)
[0124/120012.843:WARNING:pe_image_reader.cc(302)] could not read dos header from C:\WINDOWS\SYSTEM32\iertutil.dll
[0124/120012.843:ERROR:process_reader_win.cc(242)] ReadMemory at 0x7ff9d0320000 of 64 bytes failed: Only part of a ReadProcessMemory or WriteProcessMemory request was completed. (0x12B)
[0124/120012.843:WARNING:pe_image_reader.cc(302)] could not read dos header from C:\WINDOWS\SYSTEM32\SSPICLI.DLL
[0124/120012.869:ERROR:process_reader_win.cc(242)] ReadMemory at 0x34a4df5000 of 45056 bytes failed: Only part of a ReadProcessMemory or WriteProcessMemory request was completed. (0x12B)
[0124/120012.869:ERROR:process_reader_win.cc(242)] ReadMemory at 0x34a4ffe000 of 8192 bytes failed: Only part of a ReadProcessMemory or WriteProcessMemory request was completed. (0x12B)
[0124/120012.869:ERROR:process_reader_win.cc(242)] ReadMemory at 0x34a51fe000 of 8192 bytes failed: Only part of a ReadProcessMemory or WriteProcessMemory request was completed. (0x12B)
[0124/120012.869:ERROR:process_reader_win.cc(242)] ReadMemory at 0x34a53fd000 of 12288 bytes failed: Only part of a ReadProcessMemory or WriteProcessMemory request was completed. (0x12B)
[0124/120012.869:ERROR:process_reader_win.cc(242)] ReadMemory at 0x34a55fe000 of 8192 bytes failed: Only part of a ReadProcessMemory or WriteProcessMemory request was completed. (0x12B)
[0124/120012.869:ERROR:process_reader_win.cc(242)] ReadMemory at 0x34a57fe000 of 8192 bytes failed: Only part of a ReadProcessMemory or WriteProcessMemory request was completed. (0x12B)
[0124/120012.869:ERROR:process_reader_win.cc(242)] ReadMemory at 0x34a59fd000 of 12288 bytes failed: Only part of a ReadProcessMemory or WriteProcessMemory request was completed. (0x12B)
[0124/120012.870:ERROR:process_reader_win.cc(242)] ReadMemory at 0x34a5bfe000 of 8192 bytes failed: Only part of a ReadProcessMemory or WriteProcessMemory request was completed. (0x12B)
[0124/120012.870:ERROR:process_reader_win.cc(242)] ReadMemory at 0x34a5dfd000 of 12288 bytes failed: Only part of a ReadProcessMemory or WriteProcessMemory request was completed. (0x12B)
[0124/120012.870:ERROR:process_reader_win.cc(242)] ReadMemory at 0x34a5ffd000 of 12288 bytes failed: Only part of a ReadProcessMemory or WriteProcessMemory request was completed. (0x12B)
[0124/120012.870:ERROR:process_reader_win.cc(242)] ReadMemory at 0x34a61fe000 of 8192 bytes failed: Only part of a ReadProcessMemory or WriteProcessMemory request was completed. (0x12B)
[0124/120012.870:ERROR:process_reader_win.cc(242)] ReadMemory at 0x34a63fe000 of 8192 bytes failed: Only part of a ReadProcessMemory or WriteProcessMemory request was completed. (0x12B)
[0124/120012.870:ERROR:process_reader_win.cc(242)] ReadMemory at 0x34a65fe000 of 8192 bytes failed: Only part of a ReadProcessMemory or WriteProcessMemory request was completed. (0x12B)
[0124/120012.870:ERROR:process_reader_win.cc(242)] ReadMemory at 0x34a67fe000 of 8192 bytes failed: Only part of a ReadProcessMemory or WriteProcessMemory request was completed. (0x12B)
[0124/120012.870:ERROR:process_reader_win.cc(242)] ReadMemory at 0x34a69fd000 of 12288 bytes failed: Only part of a ReadProcessMemory or WriteProcessMemory request was completed. (0x12B)
[0124/120012.870:ERROR:process_reader_win.cc(242)] ReadMemory at 0x34a6bfd000 of 12288 bytes failed: Only part of a ReadProcessMemory or WriteProcessMemory request was completed. (0x12B)
[0124/120012.870:ERROR:process_reader_win.cc(242)] ReadMemory at 0x34a4b77000 of 852 bytes failed: Only part of a ReadProcessMemory or WriteProcessMemory request was completed. (0x12B)
[0124/120012.870:ERROR:process_reader_win.cc(242)] ReadMemory at 0x34a4b78000 of 6024 bytes failed: Only part of a ReadProcessMemory or WriteProcessMemory request was completed. (0x12B)
[0124/120012.871:ERROR:process_reader_win.cc(242)] ReadMemory at 0x34a4b7a000 of 6024 bytes failed: Only part of a ReadProcessMemory or WriteProcessMemory request was completed. (0x12B)
[0124/120012.871:ERROR:process_reader_win.cc(242)] ReadMemory at 0x34a4b7c000 of 6024 bytes failed: Only part of a ReadProcessMemory or WriteProcessMemory request was completed. (0x12B)
[0124/120012.871:ERROR:process_reader_win.cc(242)] ReadMemory at 0x34a4b7e000 of 6024 bytes failed: Only part of a ReadProcessMemory or WriteProcessMemory request was completed. (0x12B)
[0124/120012.871:ERROR:process_reader_win.cc(242)] ReadMemory at 0x34a4b80000 of 6024 bytes failed: Only part of a ReadProcessMemory or WriteProcessMemory request was completed. (0x12B)
[0124/120012.871:ERROR:process_reader_win.cc(242)] ReadMemory at 0x34a4b82000 of 6024 bytes failed: Only part of a ReadProcessMemory or WriteProcessMemory request was completed. (0x12B)
[0124/120012.871:ERROR:process_reader_win.cc(242)] ReadMemory at 0x34a4b84000 of 6024 bytes failed: Only part of a ReadProcessMemory or WriteProcessMemory request was completed. (0x12B)
[0124/120012.871:ERROR:process_reader_win.cc(242)] ReadMemory at 0x34a4b86000 of 6024 bytes failed: Only part of a ReadProcessMemory or WriteProcessMemory request was completed. (0x12B)
[0124/120012.871:ERROR:process_reader_win.cc(242)] ReadMemory at 0x34a4b88000 of 6024 bytes failed: Only part of a ReadProcessMemory or WriteProcessMemory request was completed. (0x12B)
[0124/120012.871:ERROR:process_reader_win.cc(242)] ReadMemory at 0x34a4b8a000 of 6024 bytes failed: Only part of a ReadProcessMemory or WriteProcessMemory request was completed. (0x12B)
[0124/120012.871:ERROR:process_reader_win.cc(242)] ReadMemory at 0x34a4b8c000 of 6024 bytes failed: Only part of a ReadProcessMemory or WriteProcessMemory request was completed. (0x12B)
[0124/120012.871:ERROR:process_reader_win.cc(242)] ReadMemory at 0x34a4b8e000 of 6024 bytes failed: Only part of a ReadProcessMemory or WriteProcessMemory request was completed. (0x12B)
[0124/120012.871:ERROR:process_reader_win.cc(242)] ReadMemory at 0x34a4b90000 of 6024 bytes failed: Only part of a ReadProcessMemory or WriteProcessMemory request was completed. (0x12B)
[0124/120012.871:ERROR:process_reader_win.cc(242)] ReadMemory at 0x34a4b92000 of 6024 bytes failed: Only part of a ReadProcessMemory or WriteProcessMemory request was completed. (0x12B)
[0124/120012.871:ERROR:process_reader_win.cc(242)] ReadMemory at 0x34a4b94000 of 6024 bytes failed: Only part of a ReadProcessMemory or WriteProcessMemory request was completed. (0x12B)
[0124/120012.872:ERROR:process_reader_win.cc(242)] ReadMemory at 0x34a4b96000 of 6024 bytes failed: Only part of a ReadProcessMemory or WriteProcessMemory request was completed. (0x12B)
[0124/120012.872:ERROR:process_reader_win.cc(242)] ReadMemory at 0x1e7d7810750 of 62 bytes failed: Only part of a ReadProcessMemory or WriteProcessMemory request was completed. (0x12B)
[0124/120012.872:ERROR:process_reader_win.cc(242)] ReadMemory at 0x1e7d7810fe0 of 3796 bytes failed: Only part of a ReadProcessMemory or WriteProcessMemory request was completed. (0x12B)
[0124/120012.872:ERROR:process_reader_win.cc(242)] ReadMemory at 0x1e7d7811ec0 of 1012 bytes failed: Only part of a ReadProcessMemory or WriteProcessMemory request was completed. (0x12B)
[0124/120012.872:ERROR:process_reader_win.cc(242)] ReadMemory at 0x1e7d78124e8 of 118 bytes failed: Only part of a ReadProcessMemory or WriteProcessMemory request was completed. (0x12B)
[0124/120012.872:ERROR:process_reader_win.cc(242)] ReadMemory at 0x1e7d7812560 of 1514 bytes failed: Only part of a ReadProcessMemory or WriteProcessMemory request was completed. (0x12B)
[0124/120012.872:ERROR:process_reader_win.cc(242)] ReadMemory at 0x1e7d7812b4c of 118 bytes failed: Only part of a ReadProcessMemory or WriteProcessMemory request was completed. (0x12B)
[0124/120012.872:ERROR:process_reader_win.cc(242)] ReadMemory at 0x1e7d7812bc4 of 102 bytes failed: Only part of a ReadProcessMemory or WriteProcessMemory request was completed. (0x12B)
[0124/120012.872:ERROR:process_reader_win.cc(242)] ReadMemory at 0x1e7d7812c40 of 58 bytes failed: Only part of a ReadProcessMemory or WriteProcessMemory request was completed. (0x12B)
[0124/120012.872:ERROR:process_reader_win.cc(242)] ReadMemory at 0x1e7d7812d40 of 132 bytes failed: Only part of a ReadProcessMemory or WriteProcessMemory request was completed. (0x12B)
[0124/120012.872:ERROR:process_reader_win.cc(242)] ReadMemory at 0x1e7d7812ed0 of 132 bytes failed: Only part of a ReadProcessMemory or WriteProcessMemory request was completed. (0x12B)
[0124/120012.872:ERROR:process_reader_win.cc(242)] ReadMemory at 0x1e7d7813090 of 124 bytes failed: Only part of a ReadProcessMemory or WriteProcessMemory request was completed. (0x12B)
[0124/120012.872:ERROR:process_reader_win.cc(242)] ReadMemory at 0x1e7d7813470 of 132 bytes failed: Only part of a ReadProcessMemory or WriteProcessMemory request was completed. (0x12B)
[0124/120012.872:ERROR:process_reader_win.cc(242)] ReadMemory at 0x1e7d7813600 of 64 bytes failed: Only part of a ReadProcessMemory or WriteProcessMemory request was completed. (0x12B)
[0124/120012.872:ERROR:process_reader_win.cc(242)] ReadMemory at 0x1e7d7813760 of 132 bytes failed: Only part of a ReadProcessMemory or WriteProcessMemory request was completed. (0x12B)
[0124/120012.872:ERROR:process_reader_win.cc(242)] ReadMemory at 0x1e7d78138f0 of 62 bytes failed: Only part of a ReadProcessMemory or WriteProcessMemory request was completed. (0x12B)
[0124/120012.872:ERROR:process_reader_win.cc(242)] ReadMemory at 0x1e7d7813a60 of 132 bytes failed: Only part of a ReadProcessMemory or WriteProcessMemory request was completed. (0x12B)
[0124/120012.873:ERROR:process_reader_win.cc(242)] ReadMemory at 0x1e7d7813bf0 of 68 bytes failed: Only part of a ReadProcessMemory or WriteProcessMemory request was completed. (0x12B)
[0124/120012.873:ERROR:process_reader_win.cc(242)] ReadMemory at 0x1e7d7817ea0 of 132 bytes failed: Only part of a ReadProcessMemory or WriteProcessMemory request was completed. (0x12B)
[0124/120012.873:ERROR:process_reader_win.cc(242)] ReadMemory at 0x1e7d78180e0 of 132 bytes failed: Only part of a ReadProcessMemory or WriteProcessMemory request was completed. (0x12B)
[0124/120012.873:ERROR:process_reader_win.cc(242)] ReadMemory at 0x1e7d7818270 of 62 bytes failed: Only part of a ReadProcessMemory or WriteProcessMemory request was completed. (0x12B)
[0124/120012.873:ERROR:process_reader_win.cc(242)] ReadMemory at 0x1e7d7819a10 of 132 bytes failed: Only part of a ReadProcessMemory or WriteProcessMemory request was completed. (0x12B)
[0124/120012.873:ERROR:process_reader_win.cc(242)] ReadMemory at 0x1e7d7819ba0 of 60 bytes failed: Only part of a ReadProcessMemory or WriteProcessMemory request was completed. (0x12B)
[0124/120012.873:ERROR:process_reader_win.cc(242)] ReadMemory at 0x1e7d7819bf0 of 156 bytes failed: Only part of a ReadProcessMemory or WriteProcessMemory request was completed. (0x12B)
[0124/120012.873:ERROR:process_reader_win.cc(242)] ReadMemory at 0x1e7d7819df0 of 132 bytes failed: Only part of a ReadProcessMemory or WriteProcessMemory request was completed. (0x12B)
[0124/120012.873:ERROR:process_reader_win.cc(242)] ReadMemory at 0x1e7d7819f80 of 64 bytes failed: Only part of a ReadProcessMemory or WriteProcessMemory request was completed. (0x12B)
[0124/120012.873:ERROR:process_reader_win.cc(242)] ReadMemory at 0x1e7d781a200 of 132 bytes failed: Only part of a ReadProcessMemory or WriteProcessMemory request was completed. (0x12B)
[0124/120012.873:ERROR:process_reader_win.cc(242)] ReadMemory at 0x1e7d781a390 of 64 bytes failed: Only part of a ReadProcessMemory or WriteProcessMemory request was completed. (0x12B)
[0124/120012.873:ERROR:process_reader_win.cc(242)] ReadMemory at 0x1e7d781a5f0 of 132 bytes failed: Only part of a ReadProcessMemory or WriteProcessMemory request was completed. (0x12B)
[0124/120012.873:ERROR:process_reader_win.cc(242)] ReadMemory at 0x1e7d781a780 of 60 bytes failed: Only part of a ReadProcessMemory or WriteProcessMemory request was completed. (0x12B)
[0124/120012.873:ERROR:process_reader_win.cc(242)] ReadMemory at 0x1e7d781aa90 of 132 bytes failed: Only part of a ReadProcessMemory or WriteProcessMemory request was completed. (0x12B)
[0124/120012.873:ERROR:process_reader_win.cc(242)] ReadMemory at 0x1e7d781ac20 of 60 bytes failed: Only part of a ReadProcessMemory or WriteProcessMemory request was completed. (0x12B)
[0124/120012.873:ERROR:process_reader_win.cc(242)] ReadMemory at 0x1e7d781ae60 of 132 bytes failed: Only part of a ReadProcessMemory or WriteProcessMemory request was completed. (0x12B)
[0124/120012.874:ERROR:process_reader_win.cc(242)] ReadMemory at 0x1e7d781d750 of 132 bytes failed: Only part of a ReadProcessMemory or WriteProcessMemory request was completed. (0x12B)
[0124/120012.874:ERROR:process_reader_win.cc(242)] ReadMemory at 0x1e7d781d930 of 80 bytes failed: Only part of a ReadProcessMemory or WriteProcessMemory request was completed. (0x12B)
[0124/120012.874:ERROR:process_reader_win.cc(242)] ReadMemory at 0x1e7d781d9f0 of 78 bytes failed: Only part of a ReadProcessMemory or WriteProcessMemory request was completed. (0x12B)
[0124/120012.874:ERROR:process_reader_win.cc(242)] ReadMemory at 0x1e7d781de70 of 76 bytes failed: Only part of a ReadProcessMemory or WriteProcessMemory request was completed. (0x12B)
[0124/120012.874:ERROR:process_reader_win.cc(242)] ReadMemory at 0x1e7d781e680 of 132 bytes failed: Only part of a ReadProcessMemory or WriteProcessMemory request was completed. (0x12B)
[0124/120012.874:ERROR:process_reader_win.cc(242)] ReadMemory at 0x1e7d781efd0 of 132 bytes failed: Only part of a ReadProcessMemory or WriteProcessMemory request was completed. (0x12B)
[0124/120012.874:ERROR:process_reader_win.cc(242)] ReadMemory at 0x1e7d781f100 of 66 bytes failed: Only part of a ReadProcessMemory or WriteProcessMemory request was completed. (0x12B)
[0124/120012.874:ERROR:process_reader_win.cc(242)] ReadMemory at 0x1e7d781f340 of 132 bytes failed: Only part of a ReadProcessMemory or WriteProcessMemory request was completed. (0x12B)
[0124/120012.874:ERROR:process_reader_win.cc(242)] ReadMemory at 0x1e7d781f510 of 62 bytes failed: Only part of a ReadProcessMemory or WriteProcessMemory request was completed. (0x12B)
[0124/120012.874:ERROR:process_reader_win.cc(242)] ReadMemory at 0x1e7d781f560 of 64 bytes failed: Only part of a ReadProcessMemory or WriteProcessMemory request was completed. (0x12B)
[0124/120012.874:ERROR:process_reader_win.cc(242)] ReadMemory at 0x1e7d781f5b0 of 58 bytes failed: Only part of a ReadProcessMemory or WriteProcessMemory request was completed. (0x12B)
[0124/120012.874:ERROR:process_reader_win.cc(242)] ReadMemory at 0x1e7d781f650 of 58 bytes failed: Only part of a ReadProcessMemory or WriteProcessMemory request was completed. (0x12B)
[0124/120012.875:ERROR:process_reader_win.cc(242)] ReadMemory at 0x1e7d781f790 of 58 bytes failed: Only part of a ReadProcessMemory or WriteProcessMemory request was completed. (0x12B)
[0124/120012.875:ERROR:process_reader_win.cc(242)] ReadMemory at 0x1e7d781f7e0 of 62 bytes failed: Only part of a ReadProcessMemory or WriteProcessMemory request was completed. (0x12B)
[0124/120012.875:ERROR:process_reader_win.cc(242)] ReadMemory at 0x1e7d781f880 of 60 bytes failed: Only part of a ReadProcessMemory or WriteProcessMemory request was completed. (0x12B)
[0124/120012.875:ERROR:process_reader_win.cc(242)] ReadMemory at 0x1e7d781f8d0 of 62 bytes failed: Only part of a ReadProcessMemory or WriteProcessMemory request was completed. (0x12B)
[0124/120012.875:ERROR:process_reader_win.cc(242)] ReadMemory at 0x1e7d781f970 of 62 bytes failed: Only part of a ReadProcessMemory or WriteProcessMemory request was completed. (0x12B)
[0124/120012.875:ERROR:process_reader_win.cc(242)] ReadMemory at 0x1e7d781fa60 of 60 bytes failed: Only part of a ReadProcessMemory or WriteProcessMemory request was completed. (0x12B)
[0124/120012.876:ERROR:process_reader_win.cc(242)] ReadMemory at 0x1e7d781fab0 of 62 bytes failed: Only part of a ReadProcessMemory or WriteProcessMemory request was completed. (0x12B)
[0124/120012.876:ERROR:process_reader_win.cc(242)] ReadMemory at 0x1e7d781fb00 of 64 bytes failed: Only part of a ReadProcessMemory or WriteProcessMemory request was completed. (0x12B)
[0124/120012.876:ERROR:process_reader_win.cc(242)] ReadMemory at 0x1e7d781fb50 of 66 bytes failed: Only part of a ReadProcessMemory or WriteProcessMemory request was completed. (0x12B)
[0124/120012.876:ERROR:process_reader_win.cc(242)] ReadMemory at 0x1e7d781fba0 of 62 bytes failed: Only part of a ReadProcessMemory or WriteProcessMemory request was completed. (0x12B)
[0124/120012.876:ERROR:process_reader_win.cc(242)] ReadMemory at 0x1e7d7820de0 of 132 bytes failed: Only part of a ReadProcessMemory or WriteProcessMemory request was completed. (0x12B)
[0124/120012.876:ERROR:process_reader_win.cc(242)] ReadMemory at 0x1e7d7820f10 of 132 bytes failed: Only part of a ReadProcessMemory or WriteProcessMemory request was completed. (0x12B)
[0124/120012.876:ERROR:process_reader_win.cc(242)] ReadMemory at 0x1e7d7821040 of 132 bytes failed: Only part of a ReadProcessMemory or WriteProcessMemory request was completed. (0x12B)
[0124/120012.876:ERROR:process_reader_win.cc(242)] ReadMemory at 0x1e7d7821170 of 132 bytes failed: Only part of a ReadProcessMemory or WriteProcessMemory request was completed. (0x12B)
[0124/120012.876:ERROR:process_reader_win.cc(242)] ReadMemory at 0x1e7d78212a0 of 132 bytes failed: Only part of a ReadProcessMemory or WriteProcessMemory request was completed. (0x12B)
[0124/120012.876:ERROR:process_reader_win.cc(242)] ReadMemory at 0x1e7d78213d0 of 132 bytes failed: Only part of a ReadProcessMemory or WriteProcessMemory request was completed. (0x12B)
[0124/120012.876:ERROR:process_reader_win.cc(242)] ReadMemory at 0x1e7d7821500 of 132 bytes failed: Only part of a ReadProcessMemory or WriteProcessMemory request was completed. (0x12B)
[0124/120012.876:ERROR:process_reader_win.cc(242)] ReadMemory at 0x1e7d7821630 of 132 bytes failed: Only part of a ReadProcessMemory or WriteProcessMemory request was completed. (0x12B)
[0124/120012.876:ERROR:process_reader_win.cc(242)] ReadMemory at 0x1e7d7821760 of 132 bytes failed: Only part of a ReadProcessMemory or WriteProcessMemory request was completed. (0x12B)
[0124/120012.876:ERROR:process_reader_win.cc(242)] ReadMemory at 0x1e7d7821890 of 132 bytes failed: Only part of a ReadProcessMemory or WriteProcessMemory request was completed. (0x12B)
[0124/120012.876:ERROR:process_reader_win.cc(242)] ReadMemory at 0x1e7d78219c0 of 132 bytes failed: Only part of a ReadProcessMemory or WriteProcessMemory request was completed. (0x12B)
[0124/120012.877:ERROR:process_reader_win.cc(242)] ReadMemory at 0x1e7d7821af0 of 132 bytes failed: Only part of a ReadProcessMemory or WriteProcessMemory request was completed. (0x12B)
[0124/120012.877:ERROR:process_reader_win.cc(242)] ReadMemory at 0x1e7d7821c20 of 132 bytes failed: Only part of a ReadProcessMemory or WriteProcessMemory request was completed. (0x12B)
[0124/120012.877:ERROR:process_reader_win.cc(242)] ReadMemory at 0x1e7d7822a4a of 512 bytes failed: Only part of a ReadProcessMemory or WriteProcessMemory request was completed. (0x12B)
[0124/120012.877:ERROR:process_reader_win.cc(242)] ReadMemory at 0x1e7d7823140 of 512 bytes failed: Only part of a ReadProcessMemory or WriteProcessMemory request was completed. (0x12B)
[0124/120012.877:ERROR:process_reader_win.cc(242)] ReadMemory at 0x1e7d7823580 of 132 bytes failed: Only part of a ReadProcessMemory or WriteProcessMemory request was completed. (0x12B)
[0124/120012.877:ERROR:process_reader_win.cc(242)] ReadMemory at 0x1e7d78236b0 of 132 bytes failed: Only part of a ReadProcessMemory or WriteProcessMemory request was completed. (0x12B)
[0124/120012.877:ERROR:process_reader_win.cc(242)] ReadMemory at 0x1e7d78237e0 of 132 bytes failed: Only part of a ReadProcessMemory or WriteProcessMemory request was completed. (0x12B)
[0124/120012.877:ERROR:process_reader_win.cc(242)] ReadMemory at 0x1e7d7823910 of 132 bytes failed: Only part of a ReadProcessMemory or WriteProcessMemory request was completed. (0x12B)
[0124/120012.877:ERROR:process_reader_win.cc(242)] ReadMemory at 0x1e7d7823a40 of 132 bytes failed: Only part of a ReadProcessMemory or WriteProcessMemory request was completed. (0x12B)
[0124/120012.877:ERROR:process_reader_win.cc(242)] ReadMemory at 0x1e7d7823b70 of 132 bytes failed: Only part of a ReadProcessMemory or WriteProcessMemory request was completed. (0x12B)
[0124/120012.877:ERROR:process_reader_win.cc(242)] ReadMemory at 0x1e7d7823ca0 of 132 bytes failed: Only part of a ReadProcessMemory or WriteProcessMemory request was completed. (0x12B)
[0124/120012.877:ERROR:process_reader_win.cc(242)] ReadMemory at 0x1e7d7823dd0 of 132 bytes failed: Only part of a ReadProcessMemory or WriteProcessMemory request was completed. (0x12B)
[0124/120012.877:ERROR:process_reader_win.cc(242)] ReadMemory at 0x1e7d7823f00 of 132 bytes failed: Only part of a ReadProcessMemory or WriteProcessMemory request was completed. (0x12B)
[0124/120012.878:ERROR:process_reader_win.cc(242)] ReadMemory at 0x1e7d7824030 of 132 bytes failed: Only part of a ReadProcessMemory or WriteProcessMemory request was completed. (0x12B)
[0124/120012.878:ERROR:process_reader_win.cc(242)] ReadMemory at 0x1e7d7824160 of 132 bytes failed: Only part of a ReadProcessMemory or WriteProcessMemory request was completed. (0x12B)
[0124/120012.878:ERROR:process_reader_win.cc(242)] ReadMemory at 0x1e7d78243c0 of 132 bytes failed: Only part of a ReadProcessMemory or WriteProcessMemory request was completed. (0x12B)
[0124/120012.878:ERROR:process_reader_win.cc(242)] ReadMemory at 0x1e7d78244f0 of 132 bytes failed: Only part of a ReadProcessMemory or WriteProcessMemory request was completed. (0x12B)
[0124/120012.878:ERROR:process_reader_win.cc(242)] ReadMemory at 0x1e7d7824620 of 132 bytes failed: Only part of a ReadProcessMemory or WriteProcessMemory request was completed. (0x12B)
[0124/120012.878:ERROR:process_reader_win.cc(242)] ReadMemory at 0x1e7d7824750 of 132 bytes failed: Only part of a ReadProcessMemory or WriteProcessMemory request was completed. (0x12B)
[0124/120012.878:ERROR:process_reader_win.cc(242)] ReadMemory at 0x1e7d7824880 of 132 bytes failed: Only part of a ReadProcessMemory or WriteProcessMemory request was completed. (0x12B)
[0124/120012.878:ERROR:process_reader_win.cc(242)] ReadMemory at 0x1e7d78249b0 of 132 bytes failed: Only part of a ReadProcessMemory or WriteProcessMemory request was completed. (0x12B)
[0124/120012.878:ERROR:process_reader_win.cc(242)] ReadMemory at 0x1e7d7824ae0 of 132 bytes failed: Only part of a ReadProcessMemory or WriteProcessMemory request was completed. (0x12B)
[0124/120012.878:ERROR:process_reader_win.cc(242)] ReadMemory at 0x1e7d7824c10 of 132 bytes failed: Only part of a ReadProcessMemory or WriteProcessMemory request was completed. (0x12B)
[0124/120012.878:ERROR:process_reader_win.cc(242)] ReadMemory at 0x1e7d7824e70 of 132 bytes failed: Only part of a ReadProcessMemory or WriteProcessMemory request was completed. (0x12B)
[0124/120012.878:ERROR:process_reader_win.cc(242)] ReadMemory at 0x1e7d7824fa0 of 132 bytes failed: Only part of a ReadProcessMemory or WriteProcessMemory request was completed. (0x12B)
[0124/120012.878:ERROR:process_reader_win.cc(242)] ReadMemory at 0x1e7d78250d0 of 132 bytes failed: Only part of a ReadProcessMemory or WriteProcessMemory request was completed. (0x12B)
[0124/120012.878:ERROR:process_reader_win.cc(242)] ReadMemory at 0x1e7d7825200 of 132 bytes failed: Only part of a ReadProcessMemory or WriteProcessMemory request was completed. (0x12B)
[0124/120012.878:ERROR:process_reader_win.cc(242)] ReadMemory at 0x1e7d7825330 of 132 bytes failed: Only part of a ReadProcessMemory or WriteProcessMemory request was completed. (0x12B)
[0124/120012.878:ERROR:process_reader_win.cc(242)] ReadMemory at 0x1e7d7825540 of 152 bytes failed: Only part of a ReadProcessMemory or WriteProcessMemory request was completed. (0x12B)
[0124/120012.878:ERROR:process_reader_win.cc(242)] ReadMemory at 0x1e7d7827e90 of 246 bytes failed: Only part of a ReadProcessMemory or WriteProcessMemory request was completed. (0x12B)
[0124/120012.878:ERROR:process_reader_win.cc(242)] ReadMemory at 0x1e7d78286f0 of 66 bytes failed: Only part of a ReadProcessMemory or WriteProcessMemory request was completed. (0x12B)
[0124/120012.878:ERROR:process_reader_win.cc(242)] ReadMemory at 0x1e7d7828f60 of 58 bytes failed: Only part of a ReadProcessMemory or WriteProcessMemory request was completed. (0x12B)
[0124/120012.878:ERROR:process_reader_win.cc(242)] ReadMemory at 0x1e7d7829050 of 66 bytes failed: Only part of a ReadProcessMemory or WriteProcessMemory request was completed. (0x12B)
[0124/120012.878:ERROR:process_reader_win.cc(242)] ReadMemory at 0x1e7d7834830 of 54 bytes failed: Only part of a ReadProcessMemory or WriteProcessMemory request was completed. (0x12B)
[0124/120012.878:ERROR:process_reader_win.cc(242)] ReadMemory at 0x1e7d7838300 of 64 bytes failed: Only part of a ReadProcessMemory or WriteProcessMemory request was completed. (0x12B)
[0124/120012.878:ERROR:process_reader_win.cc(242)] ReadMemory at 0x1e7d7838350 of 64 bytes failed: Only part of a ReadProcessMemory or WriteProcessMemory request was completed. (0x12B)
[0124/120012.878:ERROR:process_reader_win.cc(242)] ReadMemory at 0x1e7d78383a0 of 64 bytes failed: Only part of a ReadProcessMemory or WriteProcessMemory request was completed. (0x12B)
[0124/120012.878:ERROR:process_reader_win.cc(242)] ReadMemory at 0x1e7d78383f0 of 64 bytes failed: Only part of a ReadProcessMemory or WriteProcessMemory request was completed. (0x12B)
[0124/120012.878:ERROR:process_reader_win.cc(242)] ReadMemory at 0x1e7d78384e0 of 62 bytes failed: Only part of a ReadProcessMemory or WriteProcessMemory request was completed. (0x12B)
[0124/120012.878:ERROR:process_reader_win.cc(242)] ReadMemory at 0x1e7d7838530 of 60 bytes failed: Only part of a ReadProcessMemory or WriteProcessMemory request was completed. (0x12B)
[0124/120012.878:ERROR:process_reader_win.cc(242)] ReadMemory at 0x1e7d7838580 of 64 bytes failed: Only part of a ReadProcessMemory or WriteProcessMemory request was completed. (0x12B)
[0124/120012.878:ERROR:process_reader_win.cc(242)] ReadMemory at 0x1e7d78385d0 of 62 bytes failed: Only part of a ReadProcessMemory or WriteProcessMemory request was completed. (0x12B)
[0124/120012.878:ERROR:process_reader_win.cc(242)] ReadMemory at 0x1e7d7838670 of 60 bytes failed: Only part of a ReadProcessMemory or WriteProcessMemory request was completed. (0x12B)
[0124/120012.878:ERROR:process_reader_win.cc(242)] ReadMemory at 0x1e7d7838710 of 60 bytes failed: Only part of a ReadProcessMemory or WriteProcessMemory request was completed. (0x12B)
[0124/120012.878:ERROR:process_reader_win.cc(242)] ReadMemory at 0x1e7d7838800 of 58 bytes failed: Only part of a ReadProcessMemory or WriteProcessMemory request was completed. (0x12B)
[0124/120012.878:ERROR:process_reader_win.cc(242)] ReadMemory at 0x1e7d7838850 of 60 bytes failed: Only part of a ReadProcessMemory or WriteProcessMemory request was completed. (0x12B)
[0124/120012.878:ERROR:process_reader_win.cc(242)] ReadMemory at 0x1e7d7838940 of 62 bytes failed: Only part of a ReadProcessMemory or WriteProcessMemory request was completed. (0x12B)
[0124/120012.878:ERROR:process_reader_win.cc(242)] ReadMemory at 0x1e7d7838a30 of 62 bytes failed: Only part of a ReadProcessMemory or WriteProcessMemory request was completed. (0x12B)
[0124/120012.878:ERROR:process_reader_win.cc(242)] ReadMemory at 0x1e7d7838bc0 of 58 bytes failed: Only part of a ReadProcessMemory or WriteProcessMemory request was completed. (0x12B)
[0124/120012.878:ERROR:process_reader_win.cc(242)] ReadMemory at 0x1e7d7838c60 of 64 bytes failed: Only part of a ReadProcessMemory or WriteProcessMemory request was completed. (0x12B)
[0124/120012.878:ERROR:process_reader_win.cc(242)] ReadMemory at 0x1e7d7838e90 of 64 bytes failed: Only part of a ReadProcessMemory or WriteProcessMemory request was completed. (0x12B)
[0124/120012.878:ERROR:process_reader_win.cc(242)] ReadMemory at 0x1e7d7838ee0 of 62 bytes failed: Only part of a ReadProcessMemory or WriteProcessMemory request was completed. (0x12B)
[0124/120012.878:ERROR:process_reader_win.cc(242)] ReadMemory at 0x1e7d7838f80 of 56 bytes failed: Only part of a ReadProcessMemory or WriteProcessMemory request was completed. (0x12B)
[0124/120012.878:ERROR:process_reader_win.cc(242)] ReadMemory at 0x1e7d78390c0 of 60 bytes failed: Only part of a ReadProcessMemory or WriteProcessMemory request was completed. (0x12B)
[0124/120012.878:ERROR:process_reader_win.cc(242)] ReadMemory at 0x1e7d7839110 of 60 bytes failed: Only part of a ReadProcessMemory or WriteProcessMemory request was completed. (0x12B)
[0124/120012.878:ERROR:process_reader_win.cc(242)] ReadMemory at 0x1e7d7839200 of 62 bytes failed: Only part of a ReadProcessMemory or WriteProcessMemory request was completed. (0x12B)
[0124/120012.878:ERROR:process_reader_win.cc(242)] ReadMemory at 0x1e7d783aec0 of 132 bytes failed: Only part of a ReadProcessMemory or WriteProcessMemory request was completed. (0x12B)
[0124/120012.878:ERROR:process_reader_win.cc(242)] ReadMemory at 0x1e7d783b710 of 132 bytes failed: Only part of a ReadProcessMemory or WriteProcessMemory request was completed. (0x12B)
[0124/120012.878:ERROR:process_reader_win.cc(242)] ReadMemory at 0x1e7d783b840 of 132 bytes failed: Only part of a ReadProcessMemory or WriteProcessMemory request was completed. (0x12B)
[0124/120012.878:ERROR:process_reader_win.cc(242)] ReadMemory at 0x1e7d783c2f0 of 132 bytes failed: Only part of a ReadProcessMemory or WriteProcessMemory request was completed. (0x12B)
[0124/120012.878:ERROR:process_reader_win.cc(242)] ReadMemory at 0x1e7d783c7b0 of 132 bytes failed: Only part of a ReadProcessMemory or WriteProcessMemory request was completed. (0x12B)
[0124/120012.878:ERROR:process_reader_win.cc(242)] ReadMemory at 0x1e7d7850af0 of 512 bytes failed: Only part of a ReadProcessMemory or WriteProcessMemory request was completed. (0x12B)
[0124/120012.878:ERROR:process_reader_win.cc(242)] ReadMemory at 0x1e7d90f1da0 of 512 bytes failed: Only part of a ReadProcessMemory or WriteProcessMemory request was completed. (0x12B)
[0124/120012.878:ERROR:process_reader_win.cc(242)] ReadMemory at 0x1e7d90f2d40 of 512 bytes failed: Only part of a ReadProcessMemory or WriteProcessMemory request was completed. (0x12B)
[0124/120012.878:ERROR:process_reader_win.cc(242)] ReadMemory at 0x1e7d93e0000 of 384 bytes failed: Only part of a ReadProcessMemory or WriteProcessMemory request was completed. (0x12B)
[0124/120012.878:ERROR:process_reader_win.cc(242)] ReadMemory at 0x1e7d93f45e0 of 512 bytes failed: Only part of a ReadProcessMemory or WriteProcessMemory request was completed. (0x12B)
[0124/120012.878:ERROR:process_reader_win.cc(242)] ReadMemory at 0x1e7d9412990 of 512 bytes failed: Only part of a ReadProcessMemory or WriteProcessMemory request was completed. (0x12B)
[0124/120012.878:ERROR:process_reader_win.cc(242)] ReadMemory at 0x1e7d94159c8 of 512 bytes failed: Only part of a ReadProcessMemory or WriteProcessMemory request was completed. (0x12B)
[0124/120012.878:ERROR:process_reader_win.cc(242)] ReadMemory at 0x1e7d941e9b0 of 512 bytes failed: Only part of a ReadProcessMemory or WriteProcessMemory request was completed. (0x12B)
[0124/120012.878:ERROR:process_reader_win.cc(242)] ReadMemory at 0x1e7d9432878 of 512 bytes failed: Only part of a ReadProcessMemory or WriteProcessMemory request was completed. (0x12B)
[0124/120012.878:ERROR:process_reader_win.cc(242)] ReadMemory at 0x1e7d9437b60 of 512 bytes failed: Only part of a ReadProcessMemory or WriteProcessMemory request was completed. (0x12B)
[0124/120012.878:ERROR:process_reader_win.cc(242)] ReadMemory at 0x1e7d943cc00 of 688 bytes failed: Only part of a ReadProcessMemory or WriteProcessMemory request was completed. (0x12B)
[0124/120012.878:ERROR:process_reader_win.cc(242)] ReadMemory at 0x1e7d9445388 of 512 bytes failed: Only part of a ReadProcessMemory or WriteProcessMemory request was completed. (0x12B)
[0124/120012.878:ERROR:process_reader_win.cc(242)] ReadMemory at 0x1e7d945f2d0 of 512 bytes failed: Only part of a ReadProcessMemory or WriteProcessMemory request was completed. (0x12B)
[0124/120012.878:ERROR:process_reader_win.cc(242)] ReadMemory at 0x1e7db39ca10 of 512 bytes failed: Only part of a ReadProcessMemory or WriteProcessMemory request was completed. (0x12B)
[0124/120012.878:ERROR:process_reader_win.cc(242)] ReadMemory at 0x1e7db3ba7f0 of 512 bytes failed: Only part of a ReadProcessMemory or WriteProcessMemory request was completed. (0x12B)
[0124/120012.878:ERROR:process_reader_win.cc(242)] ReadMemory at 0x1e7db4e28f0 of 512 bytes failed: Only part of a ReadProcessMemory or WriteProcessMemory request was completed. (0x12B)
[0124/120012.878:ERROR:process_reader_win.cc(242)] ReadMemory at 0x1e7db4ea0a0 of 512 bytes failed: Only part of a ReadProcessMemory or WriteProcessMemory request was completed. (0x12B)
[0124/120012.878:ERROR:process_reader_win.cc(242)] ReadMemory at 0x1e7db721f50 of 512 bytes failed: Only part of a ReadProcessMemory or WriteProcessMemory request was completed. (0x12B)
[0124/120012.878:ERROR:process_reader_win.cc(242)] ReadMemory at 0x1e7dbd7f3d0 of 512 bytes failed: Only part of a ReadProcessMemory or WriteProcessMemory request was completed. (0x12B)
[0124/120012.878:ERROR:process_reader_win.cc(242)] ReadMemory at 0x75b603518260 of 512 bytes failed: Only part of a ReadProcessMemory or WriteProcessMemory request was completed. (0x12B)
[0124/120012.878:ERROR:process_reader_win.cc(242)] ReadMemory at 0x7ff999317590 of 512 bytes failed: Only part of a ReadProcessMemory or WriteProcessMemory request was completed. (0x12B)
[0124/120012.878:ERROR:process_reader_win.cc(242)] ReadMemory at 0x7ff9d1651c20 of 512 bytes failed: Only part of a ReadProcessMemory or WriteProcessMemory request was completed. (0x12B)
[0124/120012.878:ERROR:process_reader_win.cc(242)] ReadMemory at 0x7ff9d443feb0 of 592 bytes failed: Only part of a ReadProcessMemory or WriteProcessMemory request was completed. (0x12B)
[0124/120012.878:ERROR:process_reader_win.cc(242)] ReadMemory at 0x7ff9d448f664 of 672 bytes failed: Only part of a ReadProcessMemory or WriteProcessMemory request was completed. (0x12B)
[0124/120012.878:ERROR:process_reader_win.cc(242)] ReadMemory at 0x7ff9d448fc64 of 512 bytes failed: Only part of a ReadProcessMemory or WriteProcessMemory request was completed. (0x12B)
[0124/120012.878:ERROR:process_reader_win.cc(242)] ReadMemory at 0x7ff9d4492ef4 of 608 bytes failed: Only part of a ReadProcessMemory or WriteProcessMemory request was completed. (0x12B)
[0124/120012.878:ERROR:process_reader_win.cc(242)] ReadMemory at 0x7ff9d451c0c8 of 18 bytes failed: Only part of a ReadProcessMemory or WriteProcessMemory request was completed. (0x12B)
[0124/120012.878:ERROR:process_reader_win.cc(242)] ReadMemory at 0x7ff9d454f4f8 of 40 bytes failed: Only part of a ReadProcessMemory or WriteProcessMemory request was completed. (0x12B)
[0124/120012.878:ERROR:process_reader_win.cc(242)] ReadMemory at 0x7ff9d454f978 of 48 bytes failed: Only part of a ReadProcessMemory or WriteProcessMemory request was completed. (0x12B)
[0124/120012.878:ERROR:process_reader_win.cc(242)] ReadMemory at 0x7ff9d45553a0 of 64 bytes failed: Only part of a ReadProcessMemory or WriteProcessMemory request was completed. (0x12B)
[0124/120012.886:ERROR:scoped_process_suspend.cc(40)] NtResumeProcess: An attempt was made to access an exiting process. (0xc000010a)
[0124/120012.887:ERROR:file_io_win.cc(161)] CreateFile C:\Users\JAIRO~1.GOM\AppData\Local\Temp\scoped_dir17356_8100\Crashpad\settings.dat: The system cannot find the file specified. (0x2)
